<?xml version="1.0" encoding="UTF-8"?>
<!-- Generated by org.testng.reporters.JUnitReportReporter -->
<testsuite hostname="Ainuls-Mac-mini.local" failures="0" tests="5" name="tests.user.AuthenticationTest" time="49.117" errors="0" timestamp="2026-08-19T16:44:12 GMT+06:00" skipped="0">
  <testcase classname="tests.user.AuthenticationTest" name="verifySessionPersistsAfterRefresh" time="14.010"/>
  <testcase classname="tests.user.AuthenticationTest" name="verifyLogoutConfirmLogsOut" time="9.096"/>
  <testcase classname="tests.user.AuthenticationTest" name="verifyLogoutCancelKeepsSession" time="9.438"/>
  <testcase classname="tests.user.AuthenticationTest" name="verifyValidOtpLogsInSuccessfully" time="7.947"/>
  <testcase classname="tests.user.AuthenticationTest" name="verifySuccessfulLoginRedirectsToHome" time="8.626"/>
</testsuite> <!-- tests.user.AuthenticationTest -->
