<?xml version="1.0" encoding="UTF-8"?>
<!-- Generated by org.testng.reporters.JUnitReportReporter -->
<testsuite hostname="Ainuls-Mac-mini.local" failures="0" tests="32" name="tests.user.LoginTest" time="191.583" errors="0" timestamp="2026-08-19T11:42:20 GMT+06:00" skipped="1">
  <testcase classname="tests.user.LoginTest" name="verifyOtpLengthValidation" time="8.630"/>
  <testcase classname="tests.user.LoginTest" name="verifyLoginSessionRemainsActiveAfterPageRefresh" time="9.451"/>
  <testcase classname="tests.user.LoginTest" name="verifyLoginPageLoadsSuccessfully" time="2.685"/>
  <testcase classname="tests.user.LoginTest" name="verifySuccessfulLoginUsingValidPhoneNumberAndValidOtp" time="8.158"/>
  <testcase classname="tests.user.LoginTest" name="verifyUserCanLoginAgainAfterLogout" time="16.442"/>
  <testcase classname="tests.user.LoginTest" name="verifyExpiredOtpShowsProperValidationMessage" time="2.069">
    <skipped/>
  </testcase> <!-- verifyExpiredOtpShowsProperValidationMessage -->
  <testcase classname="tests.user.LoginTest" name="verifyPrivacyPolicyLinkOpensCorrectPage" time="3.190"/>
  <testcase classname="tests.user.LoginTest" name="verifyTermsAndConditionsLinkOpensCorrectPage" time="3.047"/>
  <testcase classname="tests.user.LoginTest" name="verifyInvalidOtpShowsProperValidationMessage" time="8.838"/>
  <testcase classname="tests.user.LoginTest" name="verifyEmptyPhoneNumberValidation" time="2.681"/>
  <testcase classname="tests.user.LoginTest" name="verifyIncorrectOtpCannotCompleteLogin" time="8.701"/>
  <testcase classname="tests.user.LoginTest" name="verifyPhoneNumberFieldIsDisplayed" time="2.421"/>
  <testcase classname="tests.user.LoginTest" name="verifyUserProfileAccountIconIsDisplayedAfterLogin" time="8.718"/>
  <testcase classname="tests.user.LoginTest" name="verifyValidPhoneNumberCanBeEntered" time="2.585"/>
  <testcase classname="tests.user.LoginTest" name="verifySendButtonEnabledAfterValidPhone" time="2.695"/>
  <testcase classname="tests.user.LoginTest" name="verifyClickingLinkedInLoginRedirectsToLinkedInAuthenticationPage" time="3.095"/>
  <testcase classname="tests.user.LoginTest" name="verifyRefundReturnPolicyLinkOpensCorrectPage" time="2.758"/>
  <testcase classname="tests.user.LoginTest" name="verifyClickingGoogleLoginRedirectsToGoogleAuthenticationPage" time="4.162"/>
  <testcase classname="tests.user.LoginTest" name="verifyNonNumericCharactersValidation" time="2.688"/>
  <testcase classname="tests.user.LoginTest" name="verifyOtpInputAcceptsOnlyNumericValues" time="3.187"/>
  <testcase classname="tests.user.LoginTest" name="verifyRefundReturnPolicyLinkIsDisplayed" time="2.452"/>
  <testcase classname="tests.user.LoginTest" name="verifyTermsAndConditionsLinkIsDisplayed" time="2.520"/>
  <testcase classname="tests.user.LoginTest" name="verifySendButtonIsDisplayed" time="2.580"/>
  <testcase classname="tests.user.LoginTest" name="verifyOtpInputFieldIsDisplayedAfterClickingSend" time="3.277"/>
  <testcase classname="tests.user.LoginTest" name="verifyLinkedInLoginButton" time="2.477"/>
  <testcase classname="tests.user.LoginTest" name="verifyPrivacyPolicyLinkIsDisplayed" time="5.670"/>
  <testcase classname="tests.user.LoginTest" name="verifyResendOtpButtonIsDisplayed" time="33.284"/>
  <testcase classname="tests.user.LoginTest" name="verifyGoogleLoginButton" time="2.445"/>
  <testcase classname="tests.user.LoginTest" name="verifyUserRedirectedToHomePageAfterSuccessfulLogin" time="9.292"/>
  <testcase classname="tests.user.LoginTest" name="verifyLogoutFunctionality" time="9.375"/>
  <testcase classname="tests.user.LoginTest" name="verifyBrowserBackButtonDoesNotReturnToLoginPageAfterSuccessfulLogin" time="9.111"/>
  <testcase classname="tests.user.LoginTest" name="verifyInvalidPhoneLengthValidation" time="2.899"/>
</testsuite> <!-- tests.user.LoginTest -->
