<?xml version="1.0" encoding="UTF-8"?>
<!-- Generated by org.testng.reporters.JUnitXMLReporter -->
<testsuite ignored="14" hostname="Ainuls-Mac-mini.local" failures="0" tests="71" name="Serial Regression" time="1208.059" errors="0" timestamp="2026-08-19T16:24:05 GMT+06:00">
  <testcase classname="tests.user.AuthenticationTest" name="verifyLogoutCancelKeepsSession" time="7.739"/>
  <testcase classname="tests.user.AuthenticationTest" name="verifyLogoutConfirmLogsOut" time="7.952"/>
  <testcase classname="tests.user.AuthenticationTest" name="verifySessionPersistsAfterRefresh" time="7.125"/>
  <testcase classname="tests.user.AuthenticationTest" name="verifySuccessfulLoginRedirectsToHome" time="7.045"/>
  <testcase classname="tests.user.AuthenticationTest" name="verifyValidOtpLogsInSuccessfully" time="7.367"/>
  <testcase classname="tests.user.HomePageTest" name="verifyAllNavigationIcons" time="0.307"/>
  <testcase classname="tests.user.HomePageTest" name="verifyCategoryIcons" time="0.333"/>
  <testcase classname="tests.user.HomePageTest" name="verifyFooterIcons" time="0.325"/>
  <testcase classname="tests.user.HomePageTest" name="verifyHeaderLogo" time="0.234"/>
  <testcase classname="tests.user.HomePageTest" name="verifyHomePageLoads" time="0.275"/>
  <testcase classname="tests.user.HomePageTest" name="verifyProfileAvatar" time="6.9"/>
  <testcase classname="tests.user.LoginTest" name="verifyBrowserBackButtonDoesNotReturnToLoginPageAfterSuccessfulLogin" time="7.34"/>
  <testcase classname="tests.user.LoginTest" name="verifyClickingGoogleLoginRedirectsToGoogleAuthenticationPage" time="1.592"/>
  <testcase classname="tests.user.LoginTest" name="verifyClickingLinkedInLoginRedirectsToLinkedInAuthenticationPage" time="0.85"/>
  <testcase classname="tests.user.LoginTest" name="verifyEmptyPhoneNumberValidation" time="0.372"/>
  <testcase classname="tests.user.LoginTest" name="verifyExpiredOtpShowsProperValidationMessage" time="0.0">
    <skipped/>
  </testcase> <!-- verifyExpiredOtpShowsProperValidationMessage -->
  <testcase classname="tests.user.LoginTest" name="verifyGoogleLoginButton" time="0.283"/>
  <testcase classname="tests.user.LoginTest" name="verifyIncorrectOtpCannotCompleteLogin" time="6.876"/>
  <testcase classname="tests.user.LoginTest" name="verifyInvalidOtpShowsProperValidationMessage" time="6.918"/>
  <testcase classname="tests.user.LoginTest" name="verifyInvalidPhoneLengthValidation" time="0.922"/>
  <testcase classname="tests.user.LoginTest" name="verifyLinkedInLoginButton" time="0.281"/>
  <testcase classname="tests.user.LoginTest" name="verifyLoginPageLoadsSuccessfully" time="0.821"/>
  <testcase classname="tests.user.LoginTest" name="verifyLoginSessionRemainsActiveAfterPageRefresh" time="7.259"/>
  <testcase classname="tests.user.LoginTest" name="verifyLogoutFunctionality" time="8.185"/>
  <testcase classname="tests.user.LoginTest" name="verifyNonNumericCharactersValidation" time="0.334"/>
  <testcase classname="tests.user.LoginTest" name="verifyOtpInputAcceptsOnlyNumericValues" time="1.49"/>
  <testcase classname="tests.user.LoginTest" name="verifyOtpInputFieldIsDisplayedAfterClickingSend" time="1.463"/>
  <testcase classname="tests.user.LoginTest" name="verifyOtpLengthValidation" time="6.349"/>
  <testcase classname="tests.user.LoginTest" name="verifyPhoneNumberFieldIsDisplayed" time="0.257"/>
  <testcase classname="tests.user.LoginTest" name="verifyPrivacyPolicyLinkIsDisplayed" time="0.255"/>
  <testcase classname="tests.user.LoginTest" name="verifyPrivacyPolicyLinkOpensCorrectPage" time="1.975"/>
  <testcase classname="tests.user.LoginTest" name="verifyRefundReturnPolicyLinkIsDisplayed" time="0.804"/>
  <testcase classname="tests.user.LoginTest" name="verifyRefundReturnPolicyLinkOpensCorrectPage" time="1.936"/>
  <testcase classname="tests.user.LoginTest" name="verifyResendOtpButtonIsDisplayed" time="31.175"/>
  <testcase classname="tests.user.LoginTest" name="verifySendButtonEnabledAfterValidPhone" time="0.906"/>
  <testcase classname="tests.user.LoginTest" name="verifySendButtonIsDisplayed" time="0.848"/>
  <testcase classname="tests.user.LoginTest" name="verifySuccessfulLoginUsingValidPhoneNumberAndValidOtp" time="7.041"/>
  <testcase classname="tests.user.LoginTest" name="verifyTermsAndConditionsLinkIsDisplayed" time="0.779"/>
  <testcase classname="tests.user.LoginTest" name="verifyTermsAndConditionsLinkOpensCorrectPage" time="1.916"/>
  <testcase classname="tests.user.LoginTest" name="verifyUserCanLoginAgainAfterLogout" time="14.79"/>
  <testcase classname="tests.user.LoginTest" name="verifyUserProfileAccountIconIsDisplayedAfterLogin" time="7.104"/>
  <testcase classname="tests.user.LoginTest" name="verifyUserRedirectedToHomePageAfterSuccessfulLogin" time="6.967"/>
  <testcase classname="tests.user.LoginTest" name="verifyValidPhoneNumberCanBeEntered" time="0.329"/>
  <testcase classname="tests.user.OtpTest" name="verifyClickingSendOpensOtpPage" time="0.965"/>
  <testcase classname="tests.user.OtpTest" name="verifyInvalidOtpError" time="6.993"/>
  <testcase classname="tests.user.OtpTest" name="verifyOtpExpiry" time="0.001">
    <skipped/>
  </testcase> <!-- verifyOtpExpiry -->
  <testcase classname="tests.user.OtpTest" name="verifyOtpPageLoads" time="0.973"/>
  <testcase classname="tests.user.OtpTest" name="verifyReferralCodeAccordion" time="0.296"/>
  <testcase classname="tests.user.OtpTest" name="verifyUpdatePhoneNumber" time="0.986"/>
  <testcase classname="tests.user.SearchPageTest" name="verifyBackButtonIsVisibleAndFunctional" time="8.776"/>
  <testcase classname="tests.user.SearchPageTest" name="verifyDynamicSearchShowsAutomaticResultsAfterTyping" time="11.514"/>
  <testcase classname="tests.user.SearchPageTest" name="verifyEmptySearchBehaviorAndRecentSearchClear" time="11.656"/>
  <testcase classname="tests.user.SearchPageTest" name="verifyNoResultsStateWhenNoMatchingProductsExist" time="0.718"/>
  <testcase classname="tests.user.SearchPageTest" name="verifyScrollingLoadsAdditionalProducts" time="0.721"/>
  <testcase classname="tests.user.SearchPageTest" name="verifySearchPageUiIntegrity" time="1.967"/>
  <testcase classname="tests.user.SearchPageTest" name="verifySearchSuggestionsAreDisplayedWhileTyping" time="11.54"/>
  <testcase classname="tests.user.AddProductToCartTest" name="verifyDynamicSearchResultLoadsWithAvailableProductAndNoErrors" time="4.101"/>
  <testcase classname="tests.user.AddProductToCartTest" name="verifyDynamicProductCardContentAssetsAndAlignment" time="0.104"/>
  <testcase classname="tests.user.AddProductToCartTest" name="verifyQuantitySelectorOptionsAndSelectedQuantityHighlighting" time="1.118"/>
  <testcase classname="tests.user.AddProductToCartTest" name="verifyDynamicAddButtonSelectorAndToastLifecycle" time="6.267"/>
  <testcase classname="tests.user.AddProductToCartTest" name="verifyDynamicProductAddToCartAndQuantityState" time="6.635"/>
  <testcase classname="tests.user.AddProductToCartTest" name="verifyDynamicCartPagePriceCalculationAndRefreshPersistence" time="27.357"/>
  <testcase classname="tests.user.AddProductToCartTest" name="verifyRapidAddClicksDoNotDuplicateCartItemToastOrRequests" time="2.318"/>
  <testcase classname="tests.user.AddProductToCartTest" name="verifyQuantitySelectionAndRemoveProduct" time="31.189"/>
  <testcase classname="tests.user.AddProductToCartTest" name="verifyCartPersistenceAfterLogoutAndLoginMatchesBusinessRule" time="12.273"/>
  <testcase classname="tests.user.AddProductToCartTest" name="verifyAddProductToCartFromSearchResultAfterLoginAndSearch" time="6.695"/>
  <testcase classname="tests.user.OrderTest" name="verifyShippingAddressRegressionInsideCartDrawer" time="25.559"/>
  <testcase classname="tests.user.OrderTest" name="verifyCodPlaceOrderConfirmationPaymentAndTrackOrderRegression" time="136.658"/>
  <testcase classname="tests.admin.AdminOrderConfirmationTest" name="verifyAdminCanLoginSearchAndConfirmGeneratedOrder" time="6.944"/>
  <testcase classname="tests.user.VisualRegressionTest" name="verifyNoUnexpectedUiChangesAfterDeployment" time="0.618"/>
  <testcase classname="tests.admin.ShipmentProcessingTest" name="verifyShipmentProcessingForConfirmedGeneratedOrder" time="150.151"/>
  <testcase classname="tests.user.OrderTest" name="verifyCartDrawerSupportsPartialProductSelection" time="0.0">
    <ignored/>
  </testcase> <!-- verifyCartDrawerSupportsPartialProductSelection -->
  <testcase classname="tests.user.AddProductToCartTest" name="verifyDynamicCartDrawerRegressionAfterAddingProduct" time="0.0">
    <ignored/>
  </testcase> <!-- verifyDynamicCartDrawerRegressionAfterAddingProduct -->
  <testcase classname="tests.user.OrderTest" name="verifyCheckoutPaymentSummaryMatchesSelectedProducts" time="0.0">
    <ignored/>
  </testcase> <!-- verifyCheckoutPaymentSummaryMatchesSelectedProducts -->
  <testcase classname="tests.user.SearchPageTest" name="verifySearchPageLoadsFromHeaderSearchEntryPoint" time="0.0">
    <ignored/>
  </testcase> <!-- verifySearchPageLoadsFromHeaderSearchEntryPoint -->
  <testcase classname="tests.user.OrderTest" name="verifyCheckoutDeliveryAddressAndAdditionalInformation" time="0.0">
    <ignored/>
  </testcase> <!-- verifyCheckoutDeliveryAddressAndAdditionalInformation -->
  <testcase classname="tests.user.OrderTest" name="verifyPartialCheckoutPlaceOrderFlow" time="0.0">
    <ignored/>
  </testcase> <!-- verifyPartialCheckoutPlaceOrderFlow -->
  <testcase classname="tests.user.OrderTest" name="verifyCheckoutWithTwoSelectedProducts" time="0.0">
    <ignored/>
  </testcase> <!-- verifyCheckoutWithTwoSelectedProducts -->
  <testcase classname="tests.user.OrderTest" name="verifyRegularDeliverySelectedByDefault" time="0.0">
    <ignored/>
  </testcase> <!-- verifyRegularDeliverySelectedByDefault -->
  <testcase classname="tests.user.OrderTest" name="verifyCheckoutWithThreeSelectedProducts" time="0.0">
    <ignored/>
  </testcase> <!-- verifyCheckoutWithThreeSelectedProducts -->
  <testcase classname="tests.user.OrderTest" name="verifyCashOnDeliverySelectedByDefault" time="0.0">
    <ignored/>
  </testcase> <!-- verifyCashOnDeliverySelectedByDefault -->
  <testcase classname="tests.user.AddProductToCartTest" name="verifyCartDrawerPriceSummaryMatchesCheckoutPaymentSummary" time="0.0">
    <ignored/>
  </testcase> <!-- verifyCartDrawerPriceSummaryMatchesCheckoutPaymentSummary -->
  <testcase classname="tests.user.OrderTest" name="verifyUnselectedCartProductsAreExcludedFromCheckout" time="0.0">
    <ignored/>
  </testcase> <!-- verifyUnselectedCartProductsAreExcludedFromCheckout -->
  <testcase classname="tests.user.OrderTest" name="verifyExpressDeliveryUpdatesDeliveryInformationAndCharge" time="0.0">
    <ignored/>
  </testcase> <!-- verifyExpressDeliveryUpdatesDeliveryInformationAndCharge -->
  <testcase classname="tests.user.OrderTest" name="verifyCheckoutWithSingleSelectedProduct" time="0.0">
    <ignored/>
  </testcase> <!-- verifyCheckoutWithSingleSelectedProduct -->
</testsuite> <!-- Serial Regression -->
