<?xml version="1.0" encoding="UTF-8"?>
<testsuite xmlns:xsi="http://www.w3.org/2001/XMLSchema-instance" xsi:noNamespaceSchemaLocation="https://maven.apache.org/surefire/maven-surefire-plugin/xsd/surefire-test-report.xsd" version="3.0.2" name="TestSuite" time="1251.082" tests="71" errors="0" skipped="2" failures="0">
  <properties>
[...]
</properties>
  <testcase name="verifyLogoutCancelKeepsSession" classname="tests.user.AuthenticationTest" time="7.645">
    <system-out><![CDATA[2026-08-19 15:43:02 INFO  [main] WebDriverManager - Using chromedriver 151.0.7922.138 (resolved driver for Chrome 151)
2026-08-19 15:43:02 INFO  [main] WebDriverManager - Exporting webdriver.chrome.driver as /Users/Ainul/kazimdshimulbillah/.cache/selenium/chromedriver/mac-arm64/151.0.7922.138/chromedriver
2026-08-19 15:43:04 INFO  [main] TestListener - Starting test: verifyLogoutCancelKeepsSession
]]></system-out>
    <system-err><![CDATA[Aug 19, 2026 3:43:03 PM org.openqa.selenium.devtools.CdpVersionFinder findNearestMatch
WARNING: Unable to find CDP implementation matching 151
Aug 19, 2026 3:43:03 PM org.openqa.selenium.chromium.ChromiumDriver lambda$new$4
WARNING: Unable to find version of CDP to use for 151.0.7922.138. You may need to include a dependency on a specific version of the CDP using something similar to `org.seleniumhq.selenium:selenium-devtools-v86:4.34.0` where the version ("v86") matches the version of the chromium-based browser you're using and the version number of the artifact is the same as Selenium's.
]]></system-err>
  </testcase>
  <testcase name="verifyLogoutConfirmLogsOut" classname="tests.user.AuthenticationTest" time="8.195">
    <system-out><![CDATA[2026-08-19 15:43:11 INFO  [main] TestListener - Test passed: verifyLogoutCancelKeepsSession
2026-08-19 15:43:11 INFO  [main] WebDriverManager - Using chromedriver 151.0.7922.138 (resolved driver for Chrome 151)
2026-08-19 15:43:11 INFO  [main] WebDriverManager - Exporting webdriver.chrome.driver as /Users/Ainul/kazimdshimulbillah/.cache/selenium/chromedriver/mac-arm64/151.0.7922.138/chromedriver
2026-08-19 15:43:13 INFO  [main] TestListener - Starting test: verifyLogoutConfirmLogsOut
]]></system-out>
    <system-err><![CDATA[Aug 19, 2026 3:43:12 PM org.openqa.selenium.devtools.CdpVersionFinder findNearestMatch
WARNING: Unable to find CDP implementation matching 151
Aug 19, 2026 3:43:12 PM org.openqa.selenium.chromium.ChromiumDriver lambda$new$4
WARNING: Unable to find version of CDP to use for 151.0.7922.138. You may need to include a dependency on a specific version of the CDP using something similar to `org.seleniumhq.selenium:selenium-devtools-v86:4.34.0` where the version ("v86") matches the version of the chromium-based browser you're using and the version number of the artifact is the same as Selenium's.
]]></system-err>
  </testcase>
  <testcase name="verifySessionPersistsAfterRefresh" classname="tests.user.AuthenticationTest" time="7.077">
    <system-out><![CDATA[2026-08-19 15:43:21 INFO  [main] TestListener - Test passed: verifyLogoutConfirmLogsOut
2026-08-19 15:43:21 INFO  [main] WebDriverManager - Using chromedriver 151.0.7922.138 (resolved driver for Chrome 151)
2026-08-19 15:43:21 INFO  [main] WebDriverManager - Exporting webdriver.chrome.driver as /Users/Ainul/kazimdshimulbillah/.cache/selenium/chromedriver/mac-arm64/151.0.7922.138/chromedriver
2026-08-19 15:43:23 INFO  [main] TestListener - Starting test: verifySessionPersistsAfterRefresh
]]></system-out>
    <system-err><![CDATA[Aug 19, 2026 3:43:22 PM org.openqa.selenium.devtools.CdpVersionFinder findNearestMatch
WARNING: Unable to find CDP implementation matching 151
Aug 19, 2026 3:43:22 PM org.openqa.selenium.chromium.ChromiumDriver lambda$new$4
WARNING: Unable to find version of CDP to use for 151.0.7922.138. You may need to include a dependency on a specific version of the CDP using something similar to `org.seleniumhq.selenium:selenium-devtools-v86:4.34.0` where the version ("v86") matches the version of the chromium-based browser you're using and the version number of the artifact is the same as Selenium's.
]]></system-err>
  </testcase>
  <testcase name="verifySuccessfulLoginRedirectsToHome" classname="tests.user.AuthenticationTest" time="6.964">
    <system-out><![CDATA[2026-08-19 15:43:30 INFO  [main] TestListener - Test passed: verifySessionPersistsAfterRefresh
2026-08-19 15:43:30 INFO  [main] WebDriverManager - Using chromedriver 151.0.7922.138 (resolved driver for Chrome 151)
2026-08-19 15:43:30 INFO  [main] WebDriverManager - Exporting webdriver.chrome.driver as /Users/Ainul/kazimdshimulbillah/.cache/selenium/chromedriver/mac-arm64/151.0.7922.138/chromedriver
2026-08-19 15:43:32 INFO  [main] TestListener - Starting test: verifySuccessfulLoginRedirectsToHome
]]></system-out>
    <system-err><![CDATA[Aug 19, 2026 3:43:31 PM org.openqa.selenium.devtools.CdpVersionFinder findNearestMatch
WARNING: Unable to find CDP implementation matching 151
Aug 19, 2026 3:43:31 PM org.openqa.selenium.chromium.ChromiumDriver lambda$new$4
WARNING: Unable to find version of CDP to use for 151.0.7922.138. You may need to include a dependency on a specific version of the CDP using something similar to `org.seleniumhq.selenium:selenium-devtools-v86:4.34.0` where the version ("v86") matches the version of the chromium-based browser you're using and the version number of the artifact is the same as Selenium's.
]]></system-err>
  </testcase>
  <testcase name="verifyValidOtpLogsInSuccessfully" classname="tests.user.AuthenticationTest" time="6.905">
    <system-out><![CDATA[2026-08-19 15:43:39 INFO  [main] TestListener - Test passed: verifySuccessfulLoginRedirectsToHome
2026-08-19 15:43:39 INFO  [main] WebDriverManager - Using chromedriver 151.0.7922.138 (resolved driver for Chrome 151)
2026-08-19 15:43:39 INFO  [main] WebDriverManager - Exporting webdriver.chrome.driver as /Users/Ainul/kazimdshimulbillah/.cache/selenium/chromedriver/mac-arm64/151.0.7922.138/chromedriver
2026-08-19 15:43:40 INFO  [main] TestListener - Starting test: verifyValidOtpLogsInSuccessfully
]]></system-out>
    <system-err><![CDATA[Aug 19, 2026 3:43:40 PM org.openqa.selenium.devtools.CdpVersionFinder findNearestMatch
WARNING: Unable to find CDP implementation matching 151
Aug 19, 2026 3:43:40 PM org.openqa.selenium.chromium.ChromiumDriver lambda$new$4
WARNING: Unable to find version of CDP to use for 151.0.7922.138. You may need to include a dependency on a specific version of the CDP using something similar to `org.seleniumhq.selenium:selenium-devtools-v86:4.34.0` where the version ("v86") matches the version of the chromium-based browser you're using and the version number of the artifact is the same as Selenium's.
]]></system-err>
  </testcase>
  <testcase name="verifyAllNavigationIcons" classname="tests.user.HomePageTest" time="0.321">
    <system-out><![CDATA[2026-08-19 15:43:47 INFO  [main] TestListener - Test passed: verifyValidOtpLogsInSuccessfully
2026-08-19 15:43:47 INFO  [main] WebDriverManager - Using chromedriver 151.0.7922.138 (resolved driver for Chrome 151)
2026-08-19 15:43:47 INFO  [main] WebDriverManager - Exporting webdriver.chrome.driver as /Users/Ainul/kazimdshimulbillah/.cache/selenium/chromedriver/mac-arm64/151.0.7922.138/chromedriver
2026-08-19 15:43:49 INFO  [main] TestListener - Starting test: verifyAllNavigationIcons
]]></system-out>
    <system-err><![CDATA[Aug 19, 2026 3:43:48 PM org.openqa.selenium.devtools.CdpVersionFinder findNearestMatch
WARNING: Unable to find CDP implementation matching 151
Aug 19, 2026 3:43:48 PM org.openqa.selenium.chromium.ChromiumDriver lambda$new$4
WARNING: Unable to find version of CDP to use for 151.0.7922.138. You may need to include a dependency on a specific version of the CDP using something similar to `org.seleniumhq.selenium:selenium-devtools-v86:4.34.0` where the version ("v86") matches the version of the chromium-based browser you're using and the version number of the artifact is the same as Selenium's.
]]></system-err>
  </testcase>
  <testcase name="verifyCategoryIcons" classname="tests.user.HomePageTest" time="0.298">
    <system-out><![CDATA[2026-08-19 15:43:49 INFO  [main] TestListener - Test passed: verifyAllNavigationIcons
2026-08-19 15:43:49 INFO  [main] WebDriverManager - Using chromedriver 151.0.7922.138 (resolved driver for Chrome 151)
2026-08-19 15:43:49 INFO  [main] WebDriverManager - Exporting webdriver.chrome.driver as /Users/Ainul/kazimdshimulbillah/.cache/selenium/chromedriver/mac-arm64/151.0.7922.138/chromedriver
2026-08-19 15:43:51 INFO  [main] TestListener - Starting test: verifyCategoryIcons
]]></system-out>
    <system-err><![CDATA[Aug 19, 2026 3:43:50 PM org.openqa.selenium.devtools.CdpVersionFinder findNearestMatch
WARNING: Unable to find CDP implementation matching 151
Aug 19, 2026 3:43:50 PM org.openqa.selenium.chromium.ChromiumDriver lambda$new$4
WARNING: Unable to find version of CDP to use for 151.0.7922.138. You may need to include a dependency on a specific version of the CDP using something similar to `org.seleniumhq.selenium:selenium-devtools-v86:4.34.0` where the version ("v86") matches the version of the chromium-based browser you're using and the version number of the artifact is the same as Selenium's.
]]></system-err>
  </testcase>
  <testcase name="verifyFooterIcons" classname="tests.user.HomePageTest" time="0.33">
    <system-out><![CDATA[2026-08-19 15:43:51 INFO  [main] TestListener - Test passed: verifyCategoryIcons
2026-08-19 15:43:51 INFO  [main] WebDriverManager - Using chromedriver 151.0.7922.138 (resolved driver for Chrome 151)
2026-08-19 15:43:51 INFO  [main] WebDriverManager - Exporting webdriver.chrome.driver as /Users/Ainul/kazimdshimulbillah/.cache/selenium/chromedriver/mac-arm64/151.0.7922.138/chromedriver
2026-08-19 15:43:52 INFO  [main] TestListener - Starting test: verifyFooterIcons
]]></system-out>
    <system-err><![CDATA[Aug 19, 2026 3:43:52 PM org.openqa.selenium.devtools.CdpVersionFinder findNearestMatch
WARNING: Unable to find CDP implementation matching 151
Aug 19, 2026 3:43:52 PM org.openqa.selenium.chromium.ChromiumDriver lambda$new$4
WARNING: Unable to find version of CDP to use for 151.0.7922.138. You may need to include a dependency on a specific version of the CDP using something similar to `org.seleniumhq.selenium:selenium-devtools-v86:4.34.0` where the version ("v86") matches the version of the chromium-based browser you're using and the version number of the artifact is the same as Selenium's.
]]></system-err>
  </testcase>
  <testcase name="verifyHeaderLogo" classname="tests.user.HomePageTest" time="0.256">
    <system-out><![CDATA[2026-08-19 15:43:53 INFO  [main] TestListener - Test passed: verifyFooterIcons
2026-08-19 15:43:53 INFO  [main] WebDriverManager - Using chromedriver 151.0.7922.138 (resolved driver for Chrome 151)
2026-08-19 15:43:53 INFO  [main] WebDriverManager - Exporting webdriver.chrome.driver as /Users/Ainul/kazimdshimulbillah/.cache/selenium/chromedriver/mac-arm64/151.0.7922.138/chromedriver
2026-08-19 15:43:54 INFO  [main] TestListener - Starting test: verifyHeaderLogo
]]></system-out>
    <system-err><![CDATA[Aug 19, 2026 3:43:54 PM org.openqa.selenium.devtools.CdpVersionFinder findNearestMatch
WARNING: Unable to find CDP implementation matching 151
Aug 19, 2026 3:43:54 PM org.openqa.selenium.chromium.ChromiumDriver lambda$new$4
WARNING: Unable to find version of CDP to use for 151.0.7922.138. You may need to include a dependency on a specific version of the CDP using something similar to `org.seleniumhq.selenium:selenium-devtools-v86:4.34.0` where the version ("v86") matches the version of the chromium-based browser you're using and the version number of the artifact is the same as Selenium's.
]]></system-err>
  </testcase>
  <testcase name="verifyHomePageLoads" classname="tests.user.HomePageTest" time="0.219">
    <system-out><![CDATA[2026-08-19 15:43:54 INFO  [main] TestListener - Test passed: verifyHeaderLogo
2026-08-19 15:43:55 INFO  [main] WebDriverManager - Using chromedriver 151.0.7922.138 (resolved driver for Chrome 151)
2026-08-19 15:43:55 INFO  [main] WebDriverManager - Exporting webdriver.chrome.driver as /Users/Ainul/kazimdshimulbillah/.cache/selenium/chromedriver/mac-arm64/151.0.7922.138/chromedriver
2026-08-19 15:43:56 INFO  [main] TestListener - Starting test: verifyHomePageLoads
]]></system-out>
    <system-err><![CDATA[Aug 19, 2026 3:43:56 PM org.openqa.selenium.devtools.CdpVersionFinder findNearestMatch
WARNING: Unable to find CDP implementation matching 151
Aug 19, 2026 3:43:56 PM org.openqa.selenium.chromium.ChromiumDriver lambda$new$4
WARNING: Unable to find version of CDP to use for 151.0.7922.138. You may need to include a dependency on a specific version of the CDP using something similar to `org.seleniumhq.selenium:selenium-devtools-v86:4.34.0` where the version ("v86") matches the version of the chromium-based browser you're using and the version number of the artifact is the same as Selenium's.
]]></system-err>
  </testcase>
  <testcase name="verifyProfileAvatar" classname="tests.user.HomePageTest" time="6.93">
    <system-out><![CDATA[2026-08-19 15:43:56 INFO  [main] TestListener - Test passed: verifyHomePageLoads
2026-08-19 15:43:56 INFO  [main] WebDriverManager - Using chromedriver 151.0.7922.138 (resolved driver for Chrome 151)
2026-08-19 15:43:56 INFO  [main] WebDriverManager - Exporting webdriver.chrome.driver as /Users/Ainul/kazimdshimulbillah/.cache/selenium/chromedriver/mac-arm64/151.0.7922.138/chromedriver
2026-08-19 15:43:58 INFO  [main] TestListener - Starting test: verifyProfileAvatar
]]></system-out>
    <system-err><![CDATA[Aug 19, 2026 3:43:57 PM org.openqa.selenium.devtools.CdpVersionFinder findNearestMatch
WARNING: Unable to find CDP implementation matching 151
Aug 19, 2026 3:43:57 PM org.openqa.selenium.chromium.ChromiumDriver lambda$new$4
WARNING: Unable to find version of CDP to use for 151.0.7922.138. You may need to include a dependency on a specific version of the CDP using something similar to `org.seleniumhq.selenium:selenium-devtools-v86:4.34.0` where the version ("v86") matches the version of the chromium-based browser you're using and the version number of the artifact is the same as Selenium's.
]]></system-err>
  </testcase>
  <testcase name="verifyBrowserBackButtonDoesNotReturnToLoginPageAfterSuccessfulLogin" classname="tests.user.LoginTest" time="7.238">
    <system-out><![CDATA[2026-08-19 15:44:05 INFO  [main] TestListener - Test passed: verifyProfileAvatar
2026-08-19 15:44:05 INFO  [main] WebDriverManager - Using chromedriver 151.0.7922.138 (resolved driver for Chrome 151)
2026-08-19 15:44:05 INFO  [main] WebDriverManager - Exporting webdriver.chrome.driver as /Users/Ainul/kazimdshimulbillah/.cache/selenium/chromedriver/mac-arm64/151.0.7922.138/chromedriver
2026-08-19 15:44:06 INFO  [main] WebDriverManager - Using chromedriver 151.0.7922.138 (resolved driver for Chrome 151)
2026-08-19 15:44:06 INFO  [main] WebDriverManager - Exporting webdriver.chrome.driver as /Users/Ainul/kazimdshimulbillah/.cache/selenium/chromedriver/mac-arm64/151.0.7922.138/chromedriver
2026-08-19 15:44:09 INFO  [main] TestListener - Starting test: verifyBrowserBackButtonDoesNotReturnToLoginPageAfterSuccessfulLogin
]]></system-out>
    <system-err><![CDATA[Aug 19, 2026 3:44:06 PM org.openqa.selenium.devtools.CdpVersionFinder findNearestMatch
WARNING: Unable to find CDP implementation matching 151
Aug 19, 2026 3:44:06 PM org.openqa.selenium.chromium.ChromiumDriver lambda$new$4
WARNING: Unable to find version of CDP to use for 151.0.7922.138. You may need to include a dependency on a specific version of the CDP using something similar to `org.seleniumhq.selenium:selenium-devtools-v86:4.34.0` where the version ("v86") matches the version of the chromium-based browser you're using and the version number of the artifact is the same as Selenium's.
Aug 19, 2026 3:44:07 PM org.openqa.selenium.devtools.CdpVersionFinder findNearestMatch
WARNING: Unable to find CDP implementation matching 151
Aug 19, 2026 3:44:07 PM org.openqa.selenium.chromium.ChromiumDriver lambda$new$4
WARNING: Unable to find version of CDP to use for 151.0.7922.138. You may need to include a dependency on a specific version of the CDP using something similar to `org.seleniumhq.selenium:selenium-devtools-v86:4.34.0` where the version ("v86") matches the version of the chromium-based browser you're using and the version number of the artifact is the same as Selenium's.
]]></system-err>
  </testcase>
  <testcase name="verifyClickingGoogleLoginRedirectsToGoogleAuthenticationPage" classname="tests.user.LoginTest" time="2.969">
    <system-out><![CDATA[2026-08-19 15:44:16 INFO  [main] TestListener - Test passed: verifyBrowserBackButtonDoesNotReturnToLoginPageAfterSuccessfulLogin
2026-08-19 15:44:16 INFO  [main] WebDriverManager - Using chromedriver 151.0.7922.138 (resolved driver for Chrome 151)
2026-08-19 15:44:16 INFO  [main] WebDriverManager - Exporting webdriver.chrome.driver as /Users/Ainul/kazimdshimulbillah/.cache/selenium/chromedriver/mac-arm64/151.0.7922.138/chromedriver
2026-08-19 15:44:18 INFO  [main] TestListener - Starting test: verifyClickingGoogleLoginRedirectsToGoogleAuthenticationPage
]]></system-out>
    <system-err><![CDATA[Aug 19, 2026 3:44:17 PM org.openqa.selenium.devtools.CdpVersionFinder findNearestMatch
WARNING: Unable to find CDP implementation matching 151
Aug 19, 2026 3:44:17 PM org.openqa.selenium.chromium.ChromiumDriver lambda$new$4
WARNING: Unable to find version of CDP to use for 151.0.7922.138. You may need to include a dependency on a specific version of the CDP using something similar to `org.seleniumhq.selenium:selenium-devtools-v86:4.34.0` where the version ("v86") matches the version of the chromium-based browser you're using and the version number of the artifact is the same as Selenium's.
]]></system-err>
  </testcase>
  <testcase name="verifyClickingLinkedInLoginRedirectsToLinkedInAuthenticationPage" classname="tests.user.LoginTest" time="0.953">
    <system-out><![CDATA[2026-08-19 15:44:21 INFO  [main] TestListener - Test passed: verifyClickingGoogleLoginRedirectsToGoogleAuthenticationPage
2026-08-19 15:44:21 INFO  [main] WebDriverManager - Using chromedriver 151.0.7922.138 (resolved driver for Chrome 151)
2026-08-19 15:44:21 INFO  [main] WebDriverManager - Exporting webdriver.chrome.driver as /Users/Ainul/kazimdshimulbillah/.cache/selenium/chromedriver/mac-arm64/151.0.7922.138/chromedriver
2026-08-19 15:44:24 INFO  [main] TestListener - Starting test: verifyClickingLinkedInLoginRedirectsToLinkedInAuthenticationPage
]]></system-out>
    <system-err><![CDATA[Aug 19, 2026 3:44:22 PM org.openqa.selenium.devtools.CdpVersionFinder findNearestMatch
WARNING: Unable to find CDP implementation matching 151
Aug 19, 2026 3:44:22 PM org.openqa.selenium.chromium.ChromiumDriver lambda$new$4
WARNING: Unable to find version of CDP to use for 151.0.7922.138. You may need to include a dependency on a specific version of the CDP using something similar to `org.seleniumhq.selenium:selenium-devtools-v86:4.34.0` where the version ("v86") matches the version of the chromium-based browser you're using and the version number of the artifact is the same as Selenium's.
]]></system-err>
  </testcase>
  <testcase name="verifyEmptyPhoneNumberValidation" classname="tests.user.LoginTest" time="0.345">
    <system-out><![CDATA[2026-08-19 15:44:25 INFO  [main] TestListener - Test passed: verifyClickingLinkedInLoginRedirectsToLinkedInAuthenticationPage
2026-08-19 15:44:25 INFO  [main] WebDriverManager - Using chromedriver 151.0.7922.138 (resolved driver for Chrome 151)
2026-08-19 15:44:25 INFO  [main] WebDriverManager - Exporting webdriver.chrome.driver as /Users/Ainul/kazimdshimulbillah/.cache/selenium/chromedriver/mac-arm64/151.0.7922.138/chromedriver
2026-08-19 15:44:27 INFO  [main] TestListener - Starting test: verifyEmptyPhoneNumberValidation
]]></system-out>
    <system-err><![CDATA[Aug 19, 2026 3:44:26 PM org.openqa.selenium.devtools.CdpVersionFinder findNearestMatch
WARNING: Unable to find CDP implementation matching 151
Aug 19, 2026 3:44:26 PM org.openqa.selenium.chromium.ChromiumDriver lambda$new$4
WARNING: Unable to find version of CDP to use for 151.0.7922.138. You may need to include a dependency on a specific version of the CDP using something similar to `org.seleniumhq.selenium:selenium-devtools-v86:4.34.0` where the version ("v86") matches the version of the chromium-based browser you're using and the version number of the artifact is the same as Selenium's.
]]></system-err>
  </testcase>
  <testcase name="verifyExpiredOtpShowsProperValidationMessage" classname="tests.user.LoginTest" time="0.0">
    <skipped message="OTP expiry is disabled for this test environment."/>
    <system-out><![CDATA[2026-08-19 15:44:28 INFO  [main] TestListener - Test passed: verifyEmptyPhoneNumberValidation
2026-08-19 15:44:28 INFO  [main] WebDriverManager - Using chromedriver 151.0.7922.138 (resolved driver for Chrome 151)
2026-08-19 15:44:28 INFO  [main] WebDriverManager - Exporting webdriver.chrome.driver as /Users/Ainul/kazimdshimulbillah/.cache/selenium/chromedriver/mac-arm64/151.0.7922.138/chromedriver
2026-08-19 15:44:30 INFO  [main] TestListener - Starting test: verifyExpiredOtpShowsProperValidationMessage
]]></system-out>
    <system-err><![CDATA[Aug 19, 2026 3:44:29 PM org.openqa.selenium.devtools.CdpVersionFinder findNearestMatch
WARNING: Unable to find CDP implementation matching 151
Aug 19, 2026 3:44:29 PM org.openqa.selenium.chromium.ChromiumDriver lambda$new$4
WARNING: Unable to find version of CDP to use for 151.0.7922.138. You may need to include a dependency on a specific version of the CDP using something similar to `org.seleniumhq.selenium:selenium-devtools-v86:4.34.0` where the version ("v86") matches the version of the chromium-based browser you're using and the version number of the artifact is the same as Selenium's.
]]></system-err>
  </testcase>
  <testcase name="verifyGoogleLoginButton" classname="tests.user.LoginTest" time="0.283">
    <system-out><![CDATA[2026-08-19 15:44:30 WARN  [main] TestListener - Test skipped: verifyExpiredOtpShowsProperValidationMessage
2026-08-19 15:44:30 INFO  [main] WebDriverManager - Using chromedriver 151.0.7922.138 (resolved driver for Chrome 151)
2026-08-19 15:44:30 INFO  [main] WebDriverManager - Exporting webdriver.chrome.driver as /Users/Ainul/kazimdshimulbillah/.cache/selenium/chromedriver/mac-arm64/151.0.7922.138/chromedriver
2026-08-19 15:44:32 INFO  [main] TestListener - Starting test: verifyGoogleLoginButton
]]></system-out>
    <system-err><![CDATA[Aug 19, 2026 3:44:31 PM org.openqa.selenium.devtools.CdpVersionFinder findNearestMatch
WARNING: Unable to find CDP implementation matching 151
Aug 19, 2026 3:44:31 PM org.openqa.selenium.chromium.ChromiumDriver lambda$new$4
WARNING: Unable to find version of CDP to use for 151.0.7922.138. You may need to include a dependency on a specific version of the CDP using something similar to `org.seleniumhq.selenium:selenium-devtools-v86:4.34.0` where the version ("v86") matches the version of the chromium-based browser you're using and the version number of the artifact is the same as Selenium's.
]]></system-err>
  </testcase>
  <testcase name="verifyIncorrectOtpCannotCompleteLogin" classname="tests.user.LoginTest" time="6.879">
    <system-out><![CDATA[2026-08-19 15:44:33 INFO  [main] TestListener - Test passed: verifyGoogleLoginButton
2026-08-19 15:44:33 INFO  [main] WebDriverManager - Using chromedriver 151.0.7922.138 (resolved driver for Chrome 151)
2026-08-19 15:44:33 INFO  [main] WebDriverManager - Exporting webdriver.chrome.driver as /Users/Ainul/kazimdshimulbillah/.cache/selenium/chromedriver/mac-arm64/151.0.7922.138/chromedriver
2026-08-19 15:44:35 INFO  [main] TestListener - Starting test: verifyIncorrectOtpCannotCompleteLogin
]]></system-out>
    <system-err><![CDATA[Aug 19, 2026 3:44:34 PM org.openqa.selenium.devtools.CdpVersionFinder findNearestMatch
WARNING: Unable to find CDP implementation matching 151
Aug 19, 2026 3:44:34 PM org.openqa.selenium.chromium.ChromiumDriver lambda$new$4
WARNING: Unable to find version of CDP to use for 151.0.7922.138. You may need to include a dependency on a specific version of the CDP using something similar to `org.seleniumhq.selenium:selenium-devtools-v86:4.34.0` where the version ("v86") matches the version of the chromium-based browser you're using and the version number of the artifact is the same as Selenium's.
]]></system-err>
  </testcase>
  <testcase name="verifyInvalidOtpShowsProperValidationMessage" classname="tests.user.LoginTest" time="6.778">
    <system-out><![CDATA[2026-08-19 15:44:42 INFO  [main] TestListener - Test passed: verifyIncorrectOtpCannotCompleteLogin
2026-08-19 15:44:42 INFO  [main] WebDriverManager - Using chromedriver 151.0.7922.138 (resolved driver for Chrome 151)
2026-08-19 15:44:42 INFO  [main] WebDriverManager - Exporting webdriver.chrome.driver as /Users/Ainul/kazimdshimulbillah/.cache/selenium/chromedriver/mac-arm64/151.0.7922.138/chromedriver
2026-08-19 15:44:45 INFO  [main] TestListener - Starting test: verifyInvalidOtpShowsProperValidationMessage
]]></system-out>
    <system-err><![CDATA[Aug 19, 2026 3:44:43 PM org.openqa.selenium.devtools.CdpVersionFinder findNearestMatch
WARNING: Unable to find CDP implementation matching 151
Aug 19, 2026 3:44:43 PM org.openqa.selenium.chromium.ChromiumDriver lambda$new$4
WARNING: Unable to find version of CDP to use for 151.0.7922.138. You may need to include a dependency on a specific version of the CDP using something similar to `org.seleniumhq.selenium:selenium-devtools-v86:4.34.0` where the version ("v86") matches the version of the chromium-based browser you're using and the version number of the artifact is the same as Selenium's.
]]></system-err>
  </testcase>
  <testcase name="verifyInvalidPhoneLengthValidation" classname="tests.user.LoginTest" time="0.418">
    <system-out><![CDATA[2026-08-19 15:44:51 INFO  [main] TestListener - Test passed: verifyInvalidOtpShowsProperValidationMessage
2026-08-19 15:44:51 INFO  [main] WebDriverManager - Using chromedriver 151.0.7922.138 (resolved driver for Chrome 151)
2026-08-19 15:44:51 INFO  [main] WebDriverManager - Exporting webdriver.chrome.driver as /Users/Ainul/kazimdshimulbillah/.cache/selenium/chromedriver/mac-arm64/151.0.7922.138/chromedriver
2026-08-19 15:44:54 INFO  [main] TestListener - Starting test: verifyInvalidPhoneLengthValidation
]]></system-out>
    <system-err><![CDATA[Aug 19, 2026 3:44:52 PM org.openqa.selenium.devtools.CdpVersionFinder findNearestMatch
WARNING: Unable to find CDP implementation matching 151
Aug 19, 2026 3:44:52 PM org.openqa.selenium.chromium.ChromiumDriver lambda$new$4
WARNING: Unable to find version of CDP to use for 151.0.7922.138. You may need to include a dependency on a specific version of the CDP using something similar to `org.seleniumhq.selenium:selenium-devtools-v86:4.34.0` where the version ("v86") matches the version of the chromium-based browser you're using and the version number of the artifact is the same as Selenium's.
]]></system-err>
  </testcase>
  <testcase name="verifyLinkedInLoginButton" classname="tests.user.LoginTest" time="0.289">
    <system-out><![CDATA[2026-08-19 15:44:54 INFO  [main] TestListener - Test passed: verifyInvalidPhoneLengthValidation
2026-08-19 15:44:54 INFO  [main] WebDriverManager - Using chromedriver 151.0.7922.138 (resolved driver for Chrome 151)
2026-08-19 15:44:54 INFO  [main] WebDriverManager - Exporting webdriver.chrome.driver as /Users/Ainul/kazimdshimulbillah/.cache/selenium/chromedriver/mac-arm64/151.0.7922.138/chromedriver
2026-08-19 15:44:57 INFO  [main] TestListener - Starting test: verifyLinkedInLoginButton
]]></system-out>
    <system-err><![CDATA[Aug 19, 2026 3:44:55 PM org.openqa.selenium.devtools.CdpVersionFinder findNearestMatch
WARNING: Unable to find CDP implementation matching 151
Aug 19, 2026 3:44:55 PM org.openqa.selenium.chromium.ChromiumDriver lambda$new$4
WARNING: Unable to find version of CDP to use for 151.0.7922.138. You may need to include a dependency on a specific version of the CDP using something similar to `org.seleniumhq.selenium:selenium-devtools-v86:4.34.0` where the version ("v86") matches the version of the chromium-based browser you're using and the version number of the artifact is the same as Selenium's.
]]></system-err>
  </testcase>
  <testcase name="verifyLoginPageLoadsSuccessfully" classname="tests.user.LoginTest" time="0.298">
    <system-out><![CDATA[2026-08-19 15:44:57 INFO  [main] TestListener - Test passed: verifyLinkedInLoginButton
2026-08-19 15:44:57 INFO  [main] WebDriverManager - Using chromedriver 151.0.7922.138 (resolved driver for Chrome 151)
2026-08-19 15:44:57 INFO  [main] WebDriverManager - Exporting webdriver.chrome.driver as /Users/Ainul/kazimdshimulbillah/.cache/selenium/chromedriver/mac-arm64/151.0.7922.138/chromedriver
2026-08-19 15:44:59 INFO  [main] TestListener - Starting test: verifyLoginPageLoadsSuccessfully
]]></system-out>
    <system-err><![CDATA[Aug 19, 2026 3:44:58 PM org.openqa.selenium.devtools.CdpVersionFinder findNearestMatch
WARNING: Unable to find CDP implementation matching 151
Aug 19, 2026 3:44:58 PM org.openqa.selenium.chromium.ChromiumDriver lambda$new$4
WARNING: Unable to find version of CDP to use for 151.0.7922.138. You may need to include a dependency on a specific version of the CDP using something similar to `org.seleniumhq.selenium:selenium-devtools-v86:4.34.0` where the version ("v86") matches the version of the chromium-based browser you're using and the version number of the artifact is the same as Selenium's.
]]></system-err>
  </testcase>
  <testcase name="verifyLoginSessionRemainsActiveAfterPageRefresh" classname="tests.user.LoginTest" time="7.216">
    <system-out><![CDATA[2026-08-19 15:45:00 INFO  [main] TestListener - Test passed: verifyLoginPageLoadsSuccessfully
2026-08-19 15:45:00 INFO  [main] WebDriverManager - Using chromedriver 151.0.7922.138 (resolved driver for Chrome 151)
2026-08-19 15:45:00 INFO  [main] WebDriverManager - Exporting webdriver.chrome.driver as /Users/Ainul/kazimdshimulbillah/.cache/selenium/chromedriver/mac-arm64/151.0.7922.138/chromedriver
2026-08-19 15:45:02 INFO  [main] TestListener - Starting test: verifyLoginSessionRemainsActiveAfterPageRefresh
]]></system-out>
    <system-err><![CDATA[Aug 19, 2026 3:45:01 PM org.openqa.selenium.devtools.CdpVersionFinder findNearestMatch
WARNING: Unable to find CDP implementation matching 151
Aug 19, 2026 3:45:01 PM org.openqa.selenium.chromium.ChromiumDriver lambda$new$4
WARNING: Unable to find version of CDP to use for 151.0.7922.138. You may need to include a dependency on a specific version of the CDP using something similar to `org.seleniumhq.selenium:selenium-devtools-v86:4.34.0` where the version ("v86") matches the version of the chromium-based browser you're using and the version number of the artifact is the same as Selenium's.
]]></system-err>
  </testcase>
  <testcase name="verifyLogoutFunctionality" classname="tests.user.LoginTest" time="9.004">
    <system-out><![CDATA[2026-08-19 15:45:09 INFO  [main] TestListener - Test passed: verifyLoginSessionRemainsActiveAfterPageRefresh
2026-08-19 15:45:09 INFO  [main] WebDriverManager - Using chromedriver 151.0.7922.138 (resolved driver for Chrome 151)
2026-08-19 15:45:09 INFO  [main] WebDriverManager - Exporting webdriver.chrome.driver as /Users/Ainul/kazimdshimulbillah/.cache/selenium/chromedriver/mac-arm64/151.0.7922.138/chromedriver
2026-08-19 15:45:12 INFO  [main] TestListener - Starting test: verifyLogoutFunctionality
]]></system-out>
    <system-err><![CDATA[Aug 19, 2026 3:45:10 PM org.openqa.selenium.devtools.CdpVersionFinder findNearestMatch
WARNING: Unable to find CDP implementation matching 151
Aug 19, 2026 3:45:10 PM org.openqa.selenium.chromium.ChromiumDriver lambda$new$4
WARNING: Unable to find version of CDP to use for 151.0.7922.138. You may need to include a dependency on a specific version of the CDP using something similar to `org.seleniumhq.selenium:selenium-devtools-v86:4.34.0` where the version ("v86") matches the version of the chromium-based browser you're using and the version number of the artifact is the same as Selenium's.
]]></system-err>
  </testcase>
  <testcase name="verifyNonNumericCharactersValidation" classname="tests.user.LoginTest" time="0.364">
    <system-out><![CDATA[2026-08-19 15:45:21 INFO  [main] TestListener - Test passed: verifyLogoutFunctionality
2026-08-19 15:45:21 INFO  [main] WebDriverManager - Using chromedriver 151.0.7922.138 (resolved driver for Chrome 151)
2026-08-19 15:45:21 INFO  [main] WebDriverManager - Exporting webdriver.chrome.driver as /Users/Ainul/kazimdshimulbillah/.cache/selenium/chromedriver/mac-arm64/151.0.7922.138/chromedriver
2026-08-19 15:45:24 INFO  [main] TestListener - Starting test: verifyNonNumericCharactersValidation
]]></system-out>
    <system-err><![CDATA[Aug 19, 2026 3:45:22 PM org.openqa.selenium.devtools.CdpVersionFinder findNearestMatch
WARNING: Unable to find CDP implementation matching 151
Aug 19, 2026 3:45:22 PM org.openqa.selenium.chromium.ChromiumDriver lambda$new$4
WARNING: Unable to find version of CDP to use for 151.0.7922.138. You may need to include a dependency on a specific version of the CDP using something similar to `org.seleniumhq.selenium:selenium-devtools-v86:4.34.0` where the version ("v86") matches the version of the chromium-based browser you're using and the version number of the artifact is the same as Selenium's.
]]></system-err>
  </testcase>
  <testcase name="verifyOtpInputAcceptsOnlyNumericValues" classname="tests.user.LoginTest" time="0.953">
    <system-out><![CDATA[2026-08-19 15:45:24 INFO  [main] TestListener - Test passed: verifyNonNumericCharactersValidation
2026-08-19 15:45:24 INFO  [main] WebDriverManager - Using chromedriver 151.0.7922.138 (resolved driver for Chrome 151)
2026-08-19 15:45:24 INFO  [main] WebDriverManager - Exporting webdriver.chrome.driver as /Users/Ainul/kazimdshimulbillah/.cache/selenium/chromedriver/mac-arm64/151.0.7922.138/chromedriver
2026-08-19 15:45:26 INFO  [main] TestListener - Starting test: verifyOtpInputAcceptsOnlyNumericValues
]]></system-out>
    <system-err><![CDATA[Aug 19, 2026 3:45:25 PM org.openqa.selenium.devtools.CdpVersionFinder findNearestMatch
WARNING: Unable to find CDP implementation matching 151
Aug 19, 2026 3:45:25 PM org.openqa.selenium.chromium.ChromiumDriver lambda$new$4
WARNING: Unable to find version of CDP to use for 151.0.7922.138. You may need to include a dependency on a specific version of the CDP using something similar to `org.seleniumhq.selenium:selenium-devtools-v86:4.34.0` where the version ("v86") matches the version of the chromium-based browser you're using and the version number of the artifact is the same as Selenium's.
]]></system-err>
  </testcase>
  <testcase name="verifyOtpInputFieldIsDisplayedAfterClickingSend" classname="tests.user.LoginTest" time="0.909">
    <system-out><![CDATA[2026-08-19 15:45:27 INFO  [main] TestListener - Test passed: verifyOtpInputAcceptsOnlyNumericValues
2026-08-19 15:45:27 INFO  [main] WebDriverManager - Using chromedriver 151.0.7922.138 (resolved driver for Chrome 151)
2026-08-19 15:45:27 INFO  [main] WebDriverManager - Exporting webdriver.chrome.driver as /Users/Ainul/kazimdshimulbillah/.cache/selenium/chromedriver/mac-arm64/151.0.7922.138/chromedriver
2026-08-19 15:45:30 INFO  [main] TestListener - Starting test: verifyOtpInputFieldIsDisplayedAfterClickingSend
]]></system-out>
    <system-err><![CDATA[Aug 19, 2026 3:45:29 PM org.openqa.selenium.devtools.CdpVersionFinder findNearestMatch
WARNING: Unable to find CDP implementation matching 151
Aug 19, 2026 3:45:29 PM org.openqa.selenium.chromium.ChromiumDriver lambda$new$4
WARNING: Unable to find version of CDP to use for 151.0.7922.138. You may need to include a dependency on a specific version of the CDP using something similar to `org.seleniumhq.selenium:selenium-devtools-v86:4.34.0` where the version ("v86") matches the version of the chromium-based browser you're using and the version number of the artifact is the same as Selenium's.
]]></system-err>
  </testcase>
  <testcase name="verifyOtpLengthValidation" classname="tests.user.LoginTest" time="6.74">
    <system-out><![CDATA[2026-08-19 15:45:31 INFO  [main] TestListener - Test passed: verifyOtpInputFieldIsDisplayedAfterClickingSend
2026-08-19 15:45:31 INFO  [main] WebDriverManager - Using chromedriver 151.0.7922.138 (resolved driver for Chrome 151)
2026-08-19 15:45:31 INFO  [main] WebDriverManager - Exporting webdriver.chrome.driver as /Users/Ainul/kazimdshimulbillah/.cache/selenium/chromedriver/mac-arm64/151.0.7922.138/chromedriver
2026-08-19 15:45:34 INFO  [main] TestListener - Starting test: verifyOtpLengthValidation
]]></system-out>
    <system-err><![CDATA[Aug 19, 2026 3:45:32 PM org.openqa.selenium.devtools.CdpVersionFinder findNearestMatch
WARNING: Unable to find CDP implementation matching 151
Aug 19, 2026 3:45:32 PM org.openqa.selenium.chromium.ChromiumDriver lambda$new$4
WARNING: Unable to find version of CDP to use for 151.0.7922.138. You may need to include a dependency on a specific version of the CDP using something similar to `org.seleniumhq.selenium:selenium-devtools-v86:4.34.0` where the version ("v86") matches the version of the chromium-based browser you're using and the version number of the artifact is the same as Selenium's.
]]></system-err>
  </testcase>
  <testcase name="verifyPhoneNumberFieldIsDisplayed" classname="tests.user.LoginTest" time="0.282">
    <system-out><![CDATA[2026-08-19 15:45:40 INFO  [main] TestListener - Test passed: verifyOtpLengthValidation
2026-08-19 15:45:40 INFO  [main] WebDriverManager - Using chromedriver 151.0.7922.138 (resolved driver for Chrome 151)
2026-08-19 15:45:40 INFO  [main] WebDriverManager - Exporting webdriver.chrome.driver as /Users/Ainul/kazimdshimulbillah/.cache/selenium/chromedriver/mac-arm64/151.0.7922.138/chromedriver
2026-08-19 15:45:43 INFO  [main] TestListener - Starting test: verifyPhoneNumberFieldIsDisplayed
]]></system-out>
    <system-err><![CDATA[Aug 19, 2026 3:45:41 PM org.openqa.selenium.devtools.CdpVersionFinder findNearestMatch
WARNING: Unable to find CDP implementation matching 151
Aug 19, 2026 3:45:41 PM org.openqa.selenium.chromium.ChromiumDriver lambda$new$4
WARNING: Unable to find version of CDP to use for 151.0.7922.138. You may need to include a dependency on a specific version of the CDP using something similar to `org.seleniumhq.selenium:selenium-devtools-v86:4.34.0` where the version ("v86") matches the version of the chromium-based browser you're using and the version number of the artifact is the same as Selenium's.
]]></system-err>
  </testcase>
  <testcase name="verifyPrivacyPolicyLinkIsDisplayed" classname="tests.user.LoginTest" time="0.265">
    <system-out><![CDATA[2026-08-19 15:45:43 INFO  [main] TestListener - Test passed: verifyPhoneNumberFieldIsDisplayed
2026-08-19 15:45:43 INFO  [main] WebDriverManager - Using chromedriver 151.0.7922.138 (resolved driver for Chrome 151)
2026-08-19 15:45:43 INFO  [main] WebDriverManager - Exporting webdriver.chrome.driver as /Users/Ainul/kazimdshimulbillah/.cache/selenium/chromedriver/mac-arm64/151.0.7922.138/chromedriver
2026-08-19 15:45:45 INFO  [main] TestListener - Starting test: verifyPrivacyPolicyLinkIsDisplayed
]]></system-out>
    <system-err><![CDATA[Aug 19, 2026 3:45:44 PM org.openqa.selenium.devtools.CdpVersionFinder findNearestMatch
WARNING: Unable to find CDP implementation matching 151
Aug 19, 2026 3:45:44 PM org.openqa.selenium.chromium.ChromiumDriver lambda$new$4
WARNING: Unable to find version of CDP to use for 151.0.7922.138. You may need to include a dependency on a specific version of the CDP using something similar to `org.seleniumhq.selenium:selenium-devtools-v86:4.34.0` where the version ("v86") matches the version of the chromium-based browser you're using and the version number of the artifact is the same as Selenium's.
]]></system-err>
  </testcase>
  <testcase name="verifyPrivacyPolicyLinkOpensCorrectPage" classname="tests.user.LoginTest" time="1.475">
    <system-out><![CDATA[2026-08-19 15:45:46 INFO  [main] TestListener - Test passed: verifyPrivacyPolicyLinkIsDisplayed
2026-08-19 15:45:46 INFO  [main] WebDriverManager - Using chromedriver 151.0.7922.138 (resolved driver for Chrome 151)
2026-08-19 15:45:46 INFO  [main] WebDriverManager - Exporting webdriver.chrome.driver as /Users/Ainul/kazimdshimulbillah/.cache/selenium/chromedriver/mac-arm64/151.0.7922.138/chromedriver
2026-08-19 15:45:48 INFO  [main] TestListener - Starting test: verifyPrivacyPolicyLinkOpensCorrectPage
]]></system-out>
    <system-err><![CDATA[Aug 19, 2026 3:45:47 PM org.openqa.selenium.devtools.CdpVersionFinder findNearestMatch
WARNING: Unable to find CDP implementation matching 151
Aug 19, 2026 3:45:47 PM org.openqa.selenium.chromium.ChromiumDriver lambda$new$4
WARNING: Unable to find version of CDP to use for 151.0.7922.138. You may need to include a dependency on a specific version of the CDP using something similar to `org.seleniumhq.selenium:selenium-devtools-v86:4.34.0` where the version ("v86") matches the version of the chromium-based browser you're using and the version number of the artifact is the same as Selenium's.
]]></system-err>
  </testcase>
  <testcase name="verifyRefundReturnPolicyLinkIsDisplayed" classname="tests.user.LoginTest" time="0.358">
    <system-out><![CDATA[2026-08-19 15:45:50 INFO  [main] TestListener - Test passed: verifyPrivacyPolicyLinkOpensCorrectPage
2026-08-19 15:45:50 INFO  [main] WebDriverManager - Using chromedriver 151.0.7922.138 (resolved driver for Chrome 151)
2026-08-19 15:45:50 INFO  [main] WebDriverManager - Exporting webdriver.chrome.driver as /Users/Ainul/kazimdshimulbillah/.cache/selenium/chromedriver/mac-arm64/151.0.7922.138/chromedriver
2026-08-19 15:45:52 INFO  [main] TestListener - Starting test: verifyRefundReturnPolicyLinkIsDisplayed
]]></system-out>
    <system-err><![CDATA[Aug 19, 2026 3:45:51 PM org.openqa.selenium.devtools.CdpVersionFinder findNearestMatch
WARNING: Unable to find CDP implementation matching 151
Aug 19, 2026 3:45:51 PM org.openqa.selenium.chromium.ChromiumDriver lambda$new$4
WARNING: Unable to find version of CDP to use for 151.0.7922.138. You may need to include a dependency on a specific version of the CDP using something similar to `org.seleniumhq.selenium:selenium-devtools-v86:4.34.0` where the version ("v86") matches the version of the chromium-based browser you're using and the version number of the artifact is the same as Selenium's.
]]></system-err>
  </testcase>
  <testcase name="verifyRefundReturnPolicyLinkOpensCorrectPage" classname="tests.user.LoginTest" time="1.424">
    <system-out><![CDATA[2026-08-19 15:45:53 INFO  [main] TestListener - Test passed: verifyRefundReturnPolicyLinkIsDisplayed
2026-08-19 15:45:53 INFO  [main] WebDriverManager - Using chromedriver 151.0.7922.138 (resolved driver for Chrome 151)
2026-08-19 15:45:53 INFO  [main] WebDriverManager - Exporting webdriver.chrome.driver as /Users/Ainul/kazimdshimulbillah/.cache/selenium/chromedriver/mac-arm64/151.0.7922.138/chromedriver
2026-08-19 15:45:55 INFO  [main] TestListener - Starting test: verifyRefundReturnPolicyLinkOpensCorrectPage
]]></system-out>
    <system-err><![CDATA[Aug 19, 2026 3:45:54 PM org.openqa.selenium.devtools.CdpVersionFinder findNearestMatch
WARNING: Unable to find CDP implementation matching 151
Aug 19, 2026 3:45:54 PM org.openqa.selenium.chromium.ChromiumDriver lambda$new$4
WARNING: Unable to find version of CDP to use for 151.0.7922.138. You may need to include a dependency on a specific version of the CDP using something similar to `org.seleniumhq.selenium:selenium-devtools-v86:4.34.0` where the version ("v86") matches the version of the chromium-based browser you're using and the version number of the artifact is the same as Selenium's.
]]></system-err>
  </testcase>
  <testcase name="verifyResendOtpButtonIsDisplayed" classname="tests.user.LoginTest" time="30.692">
    <system-out><![CDATA[2026-08-19 15:45:57 INFO  [main] TestListener - Test passed: verifyRefundReturnPolicyLinkOpensCorrectPage
2026-08-19 15:45:57 INFO  [main] WebDriverManager - Using chromedriver 151.0.7922.138 (resolved driver for Chrome 151)
2026-08-19 15:45:57 INFO  [main] WebDriverManager - Exporting webdriver.chrome.driver as /Users/Ainul/kazimdshimulbillah/.cache/selenium/chromedriver/mac-arm64/151.0.7922.138/chromedriver
2026-08-19 15:45:59 INFO  [main] TestListener - Starting test: verifyResendOtpButtonIsDisplayed
]]></system-out>
    <system-err><![CDATA[Aug 19, 2026 3:45:58 PM org.openqa.selenium.devtools.CdpVersionFinder findNearestMatch
WARNING: Unable to find CDP implementation matching 151
Aug 19, 2026 3:45:58 PM org.openqa.selenium.chromium.ChromiumDriver lambda$new$4
WARNING: Unable to find version of CDP to use for 151.0.7922.138. You may need to include a dependency on a specific version of the CDP using something similar to `org.seleniumhq.selenium:selenium-devtools-v86:4.34.0` where the version ("v86") matches the version of the chromium-based browser you're using and the version number of the artifact is the same as Selenium's.
]]></system-err>
  </testcase>
  <testcase name="verifySendButtonEnabledAfterValidPhone" classname="tests.user.LoginTest" time="0.343">
    <system-out><![CDATA[2026-08-19 15:46:30 INFO  [main] TestListener - Test passed: verifyResendOtpButtonIsDisplayed
2026-08-19 15:46:32 INFO  [main] WebDriverManager - Using chromedriver 151.0.7922.138 (resolved driver for Chrome 151)
2026-08-19 15:46:32 INFO  [main] WebDriverManager - Exporting webdriver.chrome.driver as /Users/Ainul/kazimdshimulbillah/.cache/selenium/chromedriver/mac-arm64/151.0.7922.138/chromedriver
2026-08-19 15:46:35 INFO  [main] TestListener - Starting test: verifySendButtonEnabledAfterValidPhone
]]></system-out>
    <system-err><![CDATA[Aug 19, 2026 3:46:33 PM org.openqa.selenium.devtools.CdpVersionFinder findNearestMatch
WARNING: Unable to find CDP implementation matching 151
Aug 19, 2026 3:46:33 PM org.openqa.selenium.chromium.ChromiumDriver lambda$new$4
WARNING: Unable to find version of CDP to use for 151.0.7922.138. You may need to include a dependency on a specific version of the CDP using something similar to `org.seleniumhq.selenium:selenium-devtools-v86:4.34.0` where the version ("v86") matches the version of the chromium-based browser you're using and the version number of the artifact is the same as Selenium's.
]]></system-err>
  </testcase>
  <testcase name="verifySendButtonIsDisplayed" classname="tests.user.LoginTest" time="0.258">
    <system-out><![CDATA[2026-08-19 15:46:35 INFO  [main] TestListener - Test passed: verifySendButtonEnabledAfterValidPhone
2026-08-19 15:46:35 INFO  [main] WebDriverManager - Using chromedriver 151.0.7922.138 (resolved driver for Chrome 151)
2026-08-19 15:46:35 INFO  [main] WebDriverManager - Exporting webdriver.chrome.driver as /Users/Ainul/kazimdshimulbillah/.cache/selenium/chromedriver/mac-arm64/151.0.7922.138/chromedriver
2026-08-19 15:46:37 INFO  [main] TestListener - Starting test: verifySendButtonIsDisplayed
]]></system-out>
    <system-err><![CDATA[Aug 19, 2026 3:46:36 PM org.openqa.selenium.devtools.CdpVersionFinder findNearestMatch
WARNING: Unable to find CDP implementation matching 151
Aug 19, 2026 3:46:36 PM org.openqa.selenium.chromium.ChromiumDriver lambda$new$4
WARNING: Unable to find version of CDP to use for 151.0.7922.138. You may need to include a dependency on a specific version of the CDP using something similar to `org.seleniumhq.selenium:selenium-devtools-v86:4.34.0` where the version ("v86") matches the version of the chromium-based browser you're using and the version number of the artifact is the same as Selenium's.
]]></system-err>
  </testcase>
  <testcase name="verifySuccessfulLoginUsingValidPhoneNumberAndValidOtp" classname="tests.user.LoginTest" time="6.832">
    <system-out><![CDATA[2026-08-19 15:46:38 INFO  [main] TestListener - Test passed: verifySendButtonIsDisplayed
2026-08-19 15:46:38 INFO  [main] WebDriverManager - Using chromedriver 151.0.7922.138 (resolved driver for Chrome 151)
2026-08-19 15:46:38 INFO  [main] WebDriverManager - Exporting webdriver.chrome.driver as /Users/Ainul/kazimdshimulbillah/.cache/selenium/chromedriver/mac-arm64/151.0.7922.138/chromedriver
2026-08-19 15:46:40 INFO  [main] TestListener - Starting test: verifySuccessfulLoginUsingValidPhoneNumberAndValidOtp
]]></system-out>
    <system-err><![CDATA[Aug 19, 2026 3:46:39 PM org.openqa.selenium.devtools.CdpVersionFinder findNearestMatch
WARNING: Unable to find CDP implementation matching 151
Aug 19, 2026 3:46:39 PM org.openqa.selenium.chromium.ChromiumDriver lambda$new$4
WARNING: Unable to find version of CDP to use for 151.0.7922.138. You may need to include a dependency on a specific version of the CDP using something similar to `org.seleniumhq.selenium:selenium-devtools-v86:4.34.0` where the version ("v86") matches the version of the chromium-based browser you're using and the version number of the artifact is the same as Selenium's.
]]></system-err>
  </testcase>
  <testcase name="verifyTermsAndConditionsLinkIsDisplayed" classname="tests.user.LoginTest" time="0.255">
    <system-out><![CDATA[2026-08-19 15:46:47 INFO  [main] TestListener - Test passed: verifySuccessfulLoginUsingValidPhoneNumberAndValidOtp
2026-08-19 15:46:47 INFO  [main] WebDriverManager - Using chromedriver 151.0.7922.138 (resolved driver for Chrome 151)
2026-08-19 15:46:47 INFO  [main] WebDriverManager - Exporting webdriver.chrome.driver as /Users/Ainul/kazimdshimulbillah/.cache/selenium/chromedriver/mac-arm64/151.0.7922.138/chromedriver
2026-08-19 15:46:50 INFO  [main] TestListener - Starting test: verifyTermsAndConditionsLinkIsDisplayed
]]></system-out>
    <system-err><![CDATA[Aug 19, 2026 3:46:49 PM org.openqa.selenium.devtools.CdpVersionFinder findNearestMatch
WARNING: Unable to find CDP implementation matching 151
Aug 19, 2026 3:46:49 PM org.openqa.selenium.chromium.ChromiumDriver lambda$new$4
WARNING: Unable to find version of CDP to use for 151.0.7922.138. You may need to include a dependency on a specific version of the CDP using something similar to `org.seleniumhq.selenium:selenium-devtools-v86:4.34.0` where the version ("v86") matches the version of the chromium-based browser you're using and the version number of the artifact is the same as Selenium's.
]]></system-err>
  </testcase>
  <testcase name="verifyTermsAndConditionsLinkOpensCorrectPage" classname="tests.user.LoginTest" time="1.391">
    <system-out><![CDATA[2026-08-19 15:46:50 INFO  [main] TestListener - Test passed: verifyTermsAndConditionsLinkIsDisplayed
2026-08-19 15:46:50 INFO  [main] WebDriverManager - Using chromedriver 151.0.7922.138 (resolved driver for Chrome 151)
2026-08-19 15:46:50 INFO  [main] WebDriverManager - Exporting webdriver.chrome.driver as /Users/Ainul/kazimdshimulbillah/.cache/selenium/chromedriver/mac-arm64/151.0.7922.138/chromedriver
2026-08-19 15:46:53 INFO  [main] TestListener - Starting test: verifyTermsAndConditionsLinkOpensCorrectPage
]]></system-out>
    <system-err><![CDATA[Aug 19, 2026 3:46:51 PM org.openqa.selenium.devtools.CdpVersionFinder findNearestMatch
WARNING: Unable to find CDP implementation matching 151
Aug 19, 2026 3:46:51 PM org.openqa.selenium.chromium.ChromiumDriver lambda$new$4
WARNING: Unable to find version of CDP to use for 151.0.7922.138. You may need to include a dependency on a specific version of the CDP using something similar to `org.seleniumhq.selenium:selenium-devtools-v86:4.34.0` where the version ("v86") matches the version of the chromium-based browser you're using and the version number of the artifact is the same as Selenium's.
]]></system-err>
  </testcase>
  <testcase name="verifyUserCanLoginAgainAfterLogout" classname="tests.user.LoginTest" time="14.537">
    <system-out><![CDATA[2026-08-19 15:46:54 INFO  [main] TestListener - Test passed: verifyTermsAndConditionsLinkOpensCorrectPage
2026-08-19 15:46:54 INFO  [main] WebDriverManager - Using chromedriver 151.0.7922.138 (resolved driver for Chrome 151)
2026-08-19 15:46:54 INFO  [main] WebDriverManager - Exporting webdriver.chrome.driver as /Users/Ainul/kazimdshimulbillah/.cache/selenium/chromedriver/mac-arm64/151.0.7922.138/chromedriver
2026-08-19 15:46:57 INFO  [main] TestListener - Starting test: verifyUserCanLoginAgainAfterLogout
]]></system-out>
    <system-err><![CDATA[Aug 19, 2026 3:46:55 PM org.openqa.selenium.devtools.CdpVersionFinder findNearestMatch
WARNING: Unable to find CDP implementation matching 151
Aug 19, 2026 3:46:55 PM org.openqa.selenium.chromium.ChromiumDriver lambda$new$4
WARNING: Unable to find version of CDP to use for 151.0.7922.138. You may need to include a dependency on a specific version of the CDP using something similar to `org.seleniumhq.selenium:selenium-devtools-v86:4.34.0` where the version ("v86") matches the version of the chromium-based browser you're using and the version number of the artifact is the same as Selenium's.
]]></system-err>
  </testcase>
  <testcase name="verifyUserProfileAccountIconIsDisplayedAfterLogin" classname="tests.user.LoginTest" time="6.975">
    <system-out><![CDATA[2026-08-19 15:47:11 INFO  [main] TestListener - Test passed: verifyUserCanLoginAgainAfterLogout
2026-08-19 15:47:11 INFO  [main] WebDriverManager - Using chromedriver 151.0.7922.138 (resolved driver for Chrome 151)
2026-08-19 15:47:11 INFO  [main] WebDriverManager - Exporting webdriver.chrome.driver as /Users/Ainul/kazimdshimulbillah/.cache/selenium/chromedriver/mac-arm64/151.0.7922.138/chromedriver
2026-08-19 15:47:13 INFO  [main] TestListener - Starting test: verifyUserProfileAccountIconIsDisplayedAfterLogin
]]></system-out>
    <system-err><![CDATA[Aug 19, 2026 3:47:12 PM org.openqa.selenium.devtools.CdpVersionFinder findNearestMatch
WARNING: Unable to find CDP implementation matching 151
Aug 19, 2026 3:47:12 PM org.openqa.selenium.chromium.ChromiumDriver lambda$new$4
WARNING: Unable to find version of CDP to use for 151.0.7922.138. You may need to include a dependency on a specific version of the CDP using something similar to `org.seleniumhq.selenium:selenium-devtools-v86:4.34.0` where the version ("v86") matches the version of the chromium-based browser you're using and the version number of the artifact is the same as Selenium's.
]]></system-err>
  </testcase>
  <testcase name="verifyUserRedirectedToHomePageAfterSuccessfulLogin" classname="tests.user.LoginTest" time="6.853">
    <system-out><![CDATA[2026-08-19 15:47:20 INFO  [main] TestListener - Test passed: verifyUserProfileAccountIconIsDisplayedAfterLogin
2026-08-19 15:47:21 INFO  [main] WebDriverManager - Using chromedriver 151.0.7922.138 (resolved driver for Chrome 151)
2026-08-19 15:47:21 INFO  [main] WebDriverManager - Exporting webdriver.chrome.driver as /Users/Ainul/kazimdshimulbillah/.cache/selenium/chromedriver/mac-arm64/151.0.7922.138/chromedriver
2026-08-19 15:47:23 INFO  [main] TestListener - Starting test: verifyUserRedirectedToHomePageAfterSuccessfulLogin
]]></system-out>
    <system-err><![CDATA[Aug 19, 2026 3:47:22 PM org.openqa.selenium.devtools.CdpVersionFinder findNearestMatch
WARNING: Unable to find CDP implementation matching 151
Aug 19, 2026 3:47:22 PM org.openqa.selenium.chromium.ChromiumDriver lambda$new$4
WARNING: Unable to find version of CDP to use for 151.0.7922.138. You may need to include a dependency on a specific version of the CDP using something similar to `org.seleniumhq.selenium:selenium-devtools-v86:4.34.0` where the version ("v86") matches the version of the chromium-based browser you're using and the version number of the artifact is the same as Selenium's.
]]></system-err>
  </testcase>
  <testcase name="verifyValidPhoneNumberCanBeEntered" classname="tests.user.LoginTest" time="0.334">
    <system-out><![CDATA[2026-08-19 15:47:30 INFO  [main] TestListener - Test passed: verifyUserRedirectedToHomePageAfterSuccessfulLogin
2026-08-19 15:47:30 INFO  [main] WebDriverManager - Using chromedriver 151.0.7922.138 (resolved driver for Chrome 151)
2026-08-19 15:47:30 INFO  [main] WebDriverManager - Exporting webdriver.chrome.driver as /Users/Ainul/kazimdshimulbillah/.cache/selenium/chromedriver/mac-arm64/151.0.7922.138/chromedriver
2026-08-19 15:47:33 INFO  [main] TestListener - Starting test: verifyValidPhoneNumberCanBeEntered
]]></system-out>
    <system-err><![CDATA[Aug 19, 2026 3:47:31 PM org.openqa.selenium.devtools.CdpVersionFinder findNearestMatch
WARNING: Unable to find CDP implementation matching 151
Aug 19, 2026 3:47:31 PM org.openqa.selenium.chromium.ChromiumDriver lambda$new$4
WARNING: Unable to find version of CDP to use for 151.0.7922.138. You may need to include a dependency on a specific version of the CDP using something similar to `org.seleniumhq.selenium:selenium-devtools-v86:4.34.0` where the version ("v86") matches the version of the chromium-based browser you're using and the version number of the artifact is the same as Selenium's.
]]></system-err>
  </testcase>
  <testcase name="verifyClickingSendOpensOtpPage" classname="tests.user.OtpTest" time="0.774">
    <system-out><![CDATA[2026-08-19 15:47:33 INFO  [main] TestListener - Test passed: verifyValidPhoneNumberCanBeEntered
2026-08-19 15:47:33 INFO  [main] WebDriverManager - Using chromedriver 151.0.7922.138 (resolved driver for Chrome 151)
2026-08-19 15:47:33 INFO  [main] WebDriverManager - Exporting webdriver.chrome.driver as /Users/Ainul/kazimdshimulbillah/.cache/selenium/chromedriver/mac-arm64/151.0.7922.138/chromedriver
2026-08-19 15:47:42 INFO  [main] TestListener - Starting test: verifyClickingSendOpensOtpPage
]]></system-out>
    <system-err><![CDATA[Aug 19, 2026 3:47:34 PM org.openqa.selenium.devtools.CdpVersionFinder findNearestMatch
WARNING: Unable to find CDP implementation matching 151
Aug 19, 2026 3:47:34 PM org.openqa.selenium.chromium.ChromiumDriver lambda$new$4
WARNING: Unable to find version of CDP to use for 151.0.7922.138. You may need to include a dependency on a specific version of the CDP using something similar to `org.seleniumhq.selenium:selenium-devtools-v86:4.34.0` where the version ("v86") matches the version of the chromium-based browser you're using and the version number of the artifact is the same as Selenium's.
]]></system-err>
  </testcase>
  <testcase name="verifyInvalidOtpError" classname="tests.user.OtpTest" time="6.653">
    <system-out><![CDATA[2026-08-19 15:47:42 INFO  [main] TestListener - Test passed: verifyClickingSendOpensOtpPage
2026-08-19 15:47:42 INFO  [main] WebDriverManager - Using chromedriver 151.0.7922.138 (resolved driver for Chrome 151)
2026-08-19 15:47:42 INFO  [main] WebDriverManager - Exporting webdriver.chrome.driver as /Users/Ainul/kazimdshimulbillah/.cache/selenium/chromedriver/mac-arm64/151.0.7922.138/chromedriver
2026-08-19 15:47:47 INFO  [main] TestListener - Starting test: verifyInvalidOtpError
]]></system-out>
    <system-err><![CDATA[Aug 19, 2026 3:47:43 PM org.openqa.selenium.devtools.CdpVersionFinder findNearestMatch
WARNING: Unable to find CDP implementation matching 151
Aug 19, 2026 3:47:43 PM org.openqa.selenium.chromium.ChromiumDriver lambda$new$4
WARNING: Unable to find version of CDP to use for 151.0.7922.138. You may need to include a dependency on a specific version of the CDP using something similar to `org.seleniumhq.selenium:selenium-devtools-v86:4.34.0` where the version ("v86") matches the version of the chromium-based browser you're using and the version number of the artifact is the same as Selenium's.
]]></system-err>
  </testcase>
  <testcase name="verifyOtpExpiry" classname="tests.user.OtpTest" time="0.0">
    <skipped message="OTP expiry is disabled for this test environment."/>
    <system-out><![CDATA[2026-08-19 15:47:53 INFO  [main] TestListener - Test passed: verifyInvalidOtpError
2026-08-19 15:47:53 INFO  [main] WebDriverManager - Using chromedriver 151.0.7922.138 (resolved driver for Chrome 151)
2026-08-19 15:47:53 INFO  [main] WebDriverManager - Exporting webdriver.chrome.driver as /Users/Ainul/kazimdshimulbillah/.cache/selenium/chromedriver/mac-arm64/151.0.7922.138/chromedriver
2026-08-19 15:47:56 INFO  [main] TestListener - Starting test: verifyOtpExpiry
]]></system-out>
    <system-err><![CDATA[Aug 19, 2026 3:47:55 PM org.openqa.selenium.devtools.CdpVersionFinder findNearestMatch
WARNING: Unable to find CDP implementation matching 151
Aug 19, 2026 3:47:55 PM org.openqa.selenium.chromium.ChromiumDriver lambda$new$4
WARNING: Unable to find version of CDP to use for 151.0.7922.138. You may need to include a dependency on a specific version of the CDP using something similar to `org.seleniumhq.selenium:selenium-devtools-v86:4.34.0` where the version ("v86") matches the version of the chromium-based browser you're using and the version number of the artifact is the same as Selenium's.
]]></system-err>
  </testcase>
  <testcase name="verifyOtpPageLoads" classname="tests.user.OtpTest" time="0.934">
    <system-out><![CDATA[2026-08-19 15:47:56 WARN  [main] TestListener - Test skipped: verifyOtpExpiry
2026-08-19 15:47:56 INFO  [main] WebDriverManager - Using chromedriver 151.0.7922.138 (resolved driver for Chrome 151)
2026-08-19 15:47:56 INFO  [main] WebDriverManager - Exporting webdriver.chrome.driver as /Users/Ainul/kazimdshimulbillah/.cache/selenium/chromedriver/mac-arm64/151.0.7922.138/chromedriver
2026-08-19 15:47:57 INFO  [main] TestListener - Starting test: verifyOtpPageLoads
]]></system-out>
    <system-err><![CDATA[Aug 19, 2026 3:47:57 PM org.openqa.selenium.devtools.CdpVersionFinder findNearestMatch
WARNING: Unable to find CDP implementation matching 151
Aug 19, 2026 3:47:57 PM org.openqa.selenium.chromium.ChromiumDriver lambda$new$4
WARNING: Unable to find version of CDP to use for 151.0.7922.138. You may need to include a dependency on a specific version of the CDP using something similar to `org.seleniumhq.selenium:selenium-devtools-v86:4.34.0` where the version ("v86") matches the version of the chromium-based browser you're using and the version number of the artifact is the same as Selenium's.
]]></system-err>
  </testcase>
  <testcase name="verifyReferralCodeAccordion" classname="tests.user.OtpTest" time="0.371">
    <system-out><![CDATA[2026-08-19 15:47:58 INFO  [main] TestListener - Test passed: verifyOtpPageLoads
2026-08-19 15:47:58 INFO  [main] WebDriverManager - Using chromedriver 151.0.7922.138 (resolved driver for Chrome 151)
2026-08-19 15:47:58 INFO  [main] WebDriverManager - Exporting webdriver.chrome.driver as /Users/Ainul/kazimdshimulbillah/.cache/selenium/chromedriver/mac-arm64/151.0.7922.138/chromedriver
2026-08-19 15:48:00 INFO  [main] TestListener - Starting test: verifyReferralCodeAccordion
]]></system-out>
    <system-err><![CDATA[Aug 19, 2026 3:47:59 PM org.openqa.selenium.devtools.CdpVersionFinder findNearestMatch
WARNING: Unable to find CDP implementation matching 151
Aug 19, 2026 3:47:59 PM org.openqa.selenium.chromium.ChromiumDriver lambda$new$4
WARNING: Unable to find version of CDP to use for 151.0.7922.138. You may need to include a dependency on a specific version of the CDP using something similar to `org.seleniumhq.selenium:selenium-devtools-v86:4.34.0` where the version ("v86") matches the version of the chromium-based browser you're using and the version number of the artifact is the same as Selenium's.
]]></system-err>
  </testcase>
  <testcase name="verifyUpdatePhoneNumber" classname="tests.user.OtpTest" time="0.965">
    <system-out><![CDATA[2026-08-19 15:48:00 INFO  [main] TestListener - Test passed: verifyReferralCodeAccordion
2026-08-19 15:48:00 INFO  [main] WebDriverManager - Using chromedriver 151.0.7922.138 (resolved driver for Chrome 151)
2026-08-19 15:48:00 INFO  [main] WebDriverManager - Exporting webdriver.chrome.driver as /Users/Ainul/kazimdshimulbillah/.cache/selenium/chromedriver/mac-arm64/151.0.7922.138/chromedriver
2026-08-19 15:48:02 INFO  [main] TestListener - Starting test: verifyUpdatePhoneNumber
]]></system-out>
    <system-err><![CDATA[Aug 19, 2026 3:48:01 PM org.openqa.selenium.devtools.CdpVersionFinder findNearestMatch
WARNING: Unable to find CDP implementation matching 151
Aug 19, 2026 3:48:01 PM org.openqa.selenium.chromium.ChromiumDriver lambda$new$4
WARNING: Unable to find version of CDP to use for 151.0.7922.138. You may need to include a dependency on a specific version of the CDP using something similar to `org.seleniumhq.selenium:selenium-devtools-v86:4.34.0` where the version ("v86") matches the version of the chromium-based browser you're using and the version number of the artifact is the same as Selenium's.
]]></system-err>
  </testcase>
  <testcase name="verifyBackButtonIsVisibleAndFunctional" classname="tests.user.SearchPageTest" time="8.754">
    <system-out><![CDATA[2026-08-19 15:48:03 INFO  [main] TestListener - Test passed: verifyUpdatePhoneNumber
2026-08-19 15:48:03 INFO  [main] WebDriverManager - Using chromedriver 151.0.7922.138 (resolved driver for Chrome 151)
2026-08-19 15:48:03 INFO  [main] WebDriverManager - Exporting webdriver.chrome.driver as /Users/Ainul/kazimdshimulbillah/.cache/selenium/chromedriver/mac-arm64/151.0.7922.138/chromedriver
2026-08-19 15:48:11 INFO  [main] WebDriverManager - Using chromedriver 151.0.7922.138 (resolved driver for Chrome 151)
2026-08-19 15:48:11 INFO  [main] WebDriverManager - Exporting webdriver.chrome.driver as /Users/Ainul/kazimdshimulbillah/.cache/selenium/chromedriver/mac-arm64/151.0.7922.138/chromedriver
2026-08-19 15:48:20 INFO  [main] TestListener - Starting test: verifyBackButtonIsVisibleAndFunctional
]]></system-out>
    <system-err><![CDATA[Aug 19, 2026 3:48:04 PM org.openqa.selenium.devtools.CdpVersionFinder findNearestMatch
WARNING: Unable to find CDP implementation matching 151
Aug 19, 2026 3:48:04 PM org.openqa.selenium.chromium.ChromiumDriver lambda$new$4
WARNING: Unable to find version of CDP to use for 151.0.7922.138. You may need to include a dependency on a specific version of the CDP using something similar to `org.seleniumhq.selenium:selenium-devtools-v86:4.34.0` where the version ("v86") matches the version of the chromium-based browser you're using and the version number of the artifact is the same as Selenium's.
Aug 19, 2026 3:48:12 PM org.openqa.selenium.devtools.CdpVersionFinder findNearestMatch
WARNING: Unable to find CDP implementation matching 151
Aug 19, 2026 3:48:12 PM org.openqa.selenium.chromium.ChromiumDriver lambda$new$4
WARNING: Unable to find version of CDP to use for 151.0.7922.138. You may need to include a dependency on a specific version of the CDP using something similar to `org.seleniumhq.selenium:selenium-devtools-v86:4.34.0` where the version ("v86") matches the version of the chromium-based browser you're using and the version number of the artifact is the same as Selenium's.
]]></system-err>
  </testcase>
  <testcase name="verifyDynamicSearchShowsAutomaticResultsAfterTyping" classname="tests.user.SearchPageTest" time="11.003">
    <system-out><![CDATA[2026-08-19 15:48:28 INFO  [main] TestListener - Test passed: verifyBackButtonIsVisibleAndFunctional
2026-08-19 15:48:28 INFO  [main] WebDriverManager - Using chromedriver 151.0.7922.138 (resolved driver for Chrome 151)
2026-08-19 15:48:28 INFO  [main] WebDriverManager - Exporting webdriver.chrome.driver as /Users/Ainul/kazimdshimulbillah/.cache/selenium/chromedriver/mac-arm64/151.0.7922.138/chromedriver
2026-08-19 15:48:38 INFO  [main] TestListener - Starting test: verifyDynamicSearchShowsAutomaticResultsAfterTyping
]]></system-out>
    <system-err><![CDATA[Aug 19, 2026 3:48:29 PM org.openqa.selenium.devtools.CdpVersionFinder findNearestMatch
WARNING: Unable to find CDP implementation matching 151
Aug 19, 2026 3:48:29 PM org.openqa.selenium.chromium.ChromiumDriver lambda$new$4
WARNING: Unable to find version of CDP to use for 151.0.7922.138. You may need to include a dependency on a specific version of the CDP using something similar to `org.seleniumhq.selenium:selenium-devtools-v86:4.34.0` where the version ("v86") matches the version of the chromium-based browser you're using and the version number of the artifact is the same as Selenium's.
]]></system-err>
  </testcase>
  <testcase name="verifyEmptySearchBehaviorAndRecentSearchClear" classname="tests.user.SearchPageTest" time="21.402">
    <system-out><![CDATA[2026-08-19 15:48:49 INFO  [main] TestListener - Test passed: verifyDynamicSearchShowsAutomaticResultsAfterTyping
2026-08-19 15:49:04 INFO  [main] WebDriverManager - Using chromedriver 151.0.7922.138 (resolved driver for Chrome 151)
2026-08-19 15:49:04 INFO  [main] WebDriverManager - Exporting webdriver.chrome.driver as /Users/Ainul/kazimdshimulbillah/.cache/selenium/chromedriver/mac-arm64/151.0.7922.138/chromedriver
2026-08-19 15:49:13 INFO  [main] TestListener - Starting test: verifyEmptySearchBehaviorAndRecentSearchClear
]]></system-out>
    <system-err><![CDATA[Aug 19, 2026 3:49:05 PM org.openqa.selenium.devtools.CdpVersionFinder findNearestMatch
WARNING: Unable to find CDP implementation matching 151
Aug 19, 2026 3:49:05 PM org.openqa.selenium.chromium.ChromiumDriver lambda$new$4
WARNING: Unable to find version of CDP to use for 151.0.7922.138. You may need to include a dependency on a specific version of the CDP using something similar to `org.seleniumhq.selenium:selenium-devtools-v86:4.34.0` where the version ("v86") matches the version of the chromium-based browser you're using and the version number of the artifact is the same as Selenium's.
]]></system-err>
  </testcase>
  <testcase name="verifyNoResultsStateWhenNoMatchingProductsExist" classname="tests.user.SearchPageTest" time="0.7">
    <system-out><![CDATA[2026-08-19 15:49:34 INFO  [main] TestListener - Test passed: verifyEmptySearchBehaviorAndRecentSearchClear
2026-08-19 15:49:40 INFO  [main] WebDriverManager - Using chromedriver 151.0.7922.138 (resolved driver for Chrome 151)
2026-08-19 15:49:40 INFO  [main] WebDriverManager - Exporting webdriver.chrome.driver as /Users/Ainul/kazimdshimulbillah/.cache/selenium/chromedriver/mac-arm64/151.0.7922.138/chromedriver
2026-08-19 15:49:49 INFO  [main] TestListener - Starting test: verifyNoResultsStateWhenNoMatchingProductsExist
]]></system-out>
    <system-err><![CDATA[Aug 19, 2026 3:49:42 PM org.openqa.selenium.devtools.CdpVersionFinder findNearestMatch
WARNING: Unable to find CDP implementation matching 151
Aug 19, 2026 3:49:42 PM org.openqa.selenium.chromium.ChromiumDriver lambda$new$4
WARNING: Unable to find version of CDP to use for 151.0.7922.138. You may need to include a dependency on a specific version of the CDP using something similar to `org.seleniumhq.selenium:selenium-devtools-v86:4.34.0` where the version ("v86") matches the version of the chromium-based browser you're using and the version number of the artifact is the same as Selenium's.
]]></system-err>
  </testcase>
  <testcase name="verifyScrollingLoadsAdditionalProducts" classname="tests.user.SearchPageTest" time="0.721">
    <system-out><![CDATA[2026-08-19 15:49:50 INFO  [main] TestListener - Test passed: verifyNoResultsStateWhenNoMatchingProductsExist
2026-08-19 15:49:50 INFO  [main] WebDriverManager - Using chromedriver 151.0.7922.138 (resolved driver for Chrome 151)
2026-08-19 15:49:50 INFO  [main] WebDriverManager - Exporting webdriver.chrome.driver as /Users/Ainul/kazimdshimulbillah/.cache/selenium/chromedriver/mac-arm64/151.0.7922.138/chromedriver
2026-08-19 15:49:58 INFO  [main] TestListener - Starting test: verifyScrollingLoadsAdditionalProducts
]]></system-out>
    <system-err><![CDATA[Aug 19, 2026 3:49:51 PM org.openqa.selenium.devtools.CdpVersionFinder findNearestMatch
WARNING: Unable to find CDP implementation matching 151
Aug 19, 2026 3:49:51 PM org.openqa.selenium.chromium.ChromiumDriver lambda$new$4
WARNING: Unable to find version of CDP to use for 151.0.7922.138. You may need to include a dependency on a specific version of the CDP using something similar to `org.seleniumhq.selenium:selenium-devtools-v86:4.34.0` where the version ("v86") matches the version of the chromium-based browser you're using and the version number of the artifact is the same as Selenium's.
]]></system-err>
  </testcase>
  <testcase name="verifySearchPageUiIntegrity" classname="tests.user.SearchPageTest" time="1.922">
    <system-out><![CDATA[2026-08-19 15:49:59 INFO  [main] TestListener - Test passed: verifyScrollingLoadsAdditionalProducts
2026-08-19 15:49:59 INFO  [main] WebDriverManager - Using chromedriver 151.0.7922.138 (resolved driver for Chrome 151)
2026-08-19 15:49:59 INFO  [main] WebDriverManager - Exporting webdriver.chrome.driver as /Users/Ainul/kazimdshimulbillah/.cache/selenium/chromedriver/mac-arm64/151.0.7922.138/chromedriver
2026-08-19 15:50:08 INFO  [main] TestListener - Starting test: verifySearchPageUiIntegrity
]]></system-out>
    <system-err><![CDATA[Aug 19, 2026 3:50:00 PM org.openqa.selenium.devtools.CdpVersionFinder findNearestMatch
WARNING: Unable to find CDP implementation matching 151
Aug 19, 2026 3:50:00 PM org.openqa.selenium.chromium.ChromiumDriver lambda$new$4
WARNING: Unable to find version of CDP to use for 151.0.7922.138. You may need to include a dependency on a specific version of the CDP using something similar to `org.seleniumhq.selenium:selenium-devtools-v86:4.34.0` where the version ("v86") matches the version of the chromium-based browser you're using and the version number of the artifact is the same as Selenium's.
]]></system-err>
  </testcase>
  <testcase name="verifySearchSuggestionsAreDisplayedWhileTyping" classname="tests.user.SearchPageTest" time="11.435">
    <system-out><![CDATA[2026-08-19 15:50:10 INFO  [main] TestListener - Test passed: verifySearchPageUiIntegrity
2026-08-19 15:50:10 INFO  [main] WebDriverManager - Using chromedriver 151.0.7922.138 (resolved driver for Chrome 151)
2026-08-19 15:50:10 INFO  [main] WebDriverManager - Exporting webdriver.chrome.driver as /Users/Ainul/kazimdshimulbillah/.cache/selenium/chromedriver/mac-arm64/151.0.7922.138/chromedriver
2026-08-19 15:50:18 INFO  [main] TestListener - Starting test: verifySearchSuggestionsAreDisplayedWhileTyping
]]></system-out>
    <system-err><![CDATA[Aug 19, 2026 3:50:11 PM org.openqa.selenium.devtools.CdpVersionFinder findNearestMatch
WARNING: Unable to find CDP implementation matching 151
Aug 19, 2026 3:50:11 PM org.openqa.selenium.chromium.ChromiumDriver lambda$new$4
WARNING: Unable to find version of CDP to use for 151.0.7922.138. You may need to include a dependency on a specific version of the CDP using something similar to `org.seleniumhq.selenium:selenium-devtools-v86:4.34.0` where the version ("v86") matches the version of the chromium-based browser you're using and the version number of the artifact is the same as Selenium's.
]]></system-err>
  </testcase>
  <testcase name="verifyDynamicSearchResultLoadsWithAvailableProductAndNoErrors" classname="tests.user.AddProductToCartTest" time="4.191">
    <system-out><![CDATA[2026-08-19 15:50:30 INFO  [main] TestListener - Test passed: verifySearchSuggestionsAreDisplayedWhileTyping
2026-08-19 15:50:47 INFO  [main] WebDriverManager - Using chromedriver 151.0.7922.138 (resolved driver for Chrome 151)
2026-08-19 15:50:47 INFO  [main] WebDriverManager - Exporting webdriver.chrome.driver as /Users/Ainul/kazimdshimulbillah/.cache/selenium/chromedriver/mac-arm64/151.0.7922.138/chromedriver
2026-08-19 15:50:55 INFO  [main] WebDriverManager - Using chromedriver 151.0.7922.138 (resolved driver for Chrome 151)
2026-08-19 15:50:55 INFO  [main] WebDriverManager - Exporting webdriver.chrome.driver as /Users/Ainul/kazimdshimulbillah/.cache/selenium/chromedriver/mac-arm64/151.0.7922.138/chromedriver
2026-08-19 15:51:09 INFO  [main] TestListener - Starting test: verifyDynamicSearchResultLoadsWithAvailableProductAndNoErrors
]]></system-out>
    <system-err><![CDATA[Aug 19, 2026 3:50:48 PM org.openqa.selenium.devtools.CdpVersionFinder findNearestMatch
WARNING: Unable to find CDP implementation matching 151
Aug 19, 2026 3:50:48 PM org.openqa.selenium.chromium.ChromiumDriver lambda$new$4
WARNING: Unable to find version of CDP to use for 151.0.7922.138. You may need to include a dependency on a specific version of the CDP using something similar to `org.seleniumhq.selenium:selenium-devtools-v86:4.34.0` where the version ("v86") matches the version of the chromium-based browser you're using and the version number of the artifact is the same as Selenium's.
Aug 19, 2026 3:50:56 PM org.openqa.selenium.devtools.CdpVersionFinder findNearestMatch
WARNING: Unable to find CDP implementation matching 151
Aug 19, 2026 3:50:56 PM org.openqa.selenium.chromium.ChromiumDriver lambda$new$4
WARNING: Unable to find version of CDP to use for 151.0.7922.138. You may need to include a dependency on a specific version of the CDP using something similar to `org.seleniumhq.selenium:selenium-devtools-v86:4.34.0` where the version ("v86") matches the version of the chromium-based browser you're using and the version number of the artifact is the same as Selenium's.
]]></system-err>
  </testcase>
  <testcase name="verifyDynamicProductCardContentAssetsAndAlignment" classname="tests.user.AddProductToCartTest" time="0.111">
    <system-out><![CDATA[2026-08-19 15:51:13 INFO  [main] TestListener - Test passed: verifyDynamicSearchResultLoadsWithAvailableProductAndNoErrors
2026-08-19 15:51:32 INFO  [main] WebDriverManager - Using chromedriver 151.0.7922.138 (resolved driver for Chrome 151)
2026-08-19 15:51:32 INFO  [main] WebDriverManager - Exporting webdriver.chrome.driver as /Users/Ainul/kazimdshimulbillah/.cache/selenium/chromedriver/mac-arm64/151.0.7922.138/chromedriver
2026-08-19 15:51:47 INFO  [main] TestListener - Starting test: verifyDynamicProductCardContentAssetsAndAlignment
]]></system-out>
    <system-err><![CDATA[Aug 19, 2026 3:51:33 PM org.openqa.selenium.devtools.CdpVersionFinder findNearestMatch
WARNING: Unable to find CDP implementation matching 151
Aug 19, 2026 3:51:33 PM org.openqa.selenium.chromium.ChromiumDriver lambda$new$4
WARNING: Unable to find version of CDP to use for 151.0.7922.138. You may need to include a dependency on a specific version of the CDP using something similar to `org.seleniumhq.selenium:selenium-devtools-v86:4.34.0` where the version ("v86") matches the version of the chromium-based browser you're using and the version number of the artifact is the same as Selenium's.
]]></system-err>
  </testcase>
  <testcase name="verifyQuantitySelectorOptionsAndSelectedQuantityHighlighting" classname="tests.user.AddProductToCartTest" time="1.108">
    <system-out><![CDATA[2026-08-19 15:51:47 INFO  [main] TestListener - Test passed: verifyDynamicProductCardContentAssetsAndAlignment
2026-08-19 15:51:49 INFO  [main] WebDriverManager - Using chromedriver 151.0.7922.138 (resolved driver for Chrome 151)
2026-08-19 15:51:49 INFO  [main] WebDriverManager - Exporting webdriver.chrome.driver as /Users/Ainul/kazimdshimulbillah/.cache/selenium/chromedriver/mac-arm64/151.0.7922.138/chromedriver
2026-08-19 15:52:04 INFO  [main] TestListener - Starting test: verifyQuantitySelectorOptionsAndSelectedQuantityHighlighting
]]></system-out>
    <system-err><![CDATA[Aug 19, 2026 3:51:51 PM org.openqa.selenium.devtools.CdpVersionFinder findNearestMatch
WARNING: Unable to find CDP implementation matching 151
Aug 19, 2026 3:51:51 PM org.openqa.selenium.chromium.ChromiumDriver lambda$new$4
WARNING: Unable to find version of CDP to use for 151.0.7922.138. You may need to include a dependency on a specific version of the CDP using something similar to `org.seleniumhq.selenium:selenium-devtools-v86:4.34.0` where the version ("v86") matches the version of the chromium-based browser you're using and the version number of the artifact is the same as Selenium's.
]]></system-err>
  </testcase>
  <testcase name="verifyDynamicAddButtonSelectorAndToastLifecycle" classname="tests.user.AddProductToCartTest" time="6.276">
    <system-out><![CDATA[2026-08-19 15:52:05 INFO  [main] TestListener - Test passed: verifyQuantitySelectorOptionsAndSelectedQuantityHighlighting
2026-08-19 15:52:25 INFO  [main] WebDriverManager - Using chromedriver 151.0.7922.138 (resolved driver for Chrome 151)
2026-08-19 15:52:25 INFO  [main] WebDriverManager - Exporting webdriver.chrome.driver as /Users/Ainul/kazimdshimulbillah/.cache/selenium/chromedriver/mac-arm64/151.0.7922.138/chromedriver
2026-08-19 15:52:40 INFO  [main] TestListener - Starting test: verifyDynamicAddButtonSelectorAndToastLifecycle
]]></system-out>
    <system-err><![CDATA[Aug 19, 2026 3:52:27 PM org.openqa.selenium.devtools.CdpVersionFinder findNearestMatch
WARNING: Unable to find CDP implementation matching 151
Aug 19, 2026 3:52:27 PM org.openqa.selenium.chromium.ChromiumDriver lambda$new$4
WARNING: Unable to find version of CDP to use for 151.0.7922.138. You may need to include a dependency on a specific version of the CDP using something similar to `org.seleniumhq.selenium:selenium-devtools-v86:4.34.0` where the version ("v86") matches the version of the chromium-based browser you're using and the version number of the artifact is the same as Selenium's.
]]></system-err>
  </testcase>
  <testcase name="verifyDynamicProductAddToCartAndQuantityState" classname="tests.user.AddProductToCartTest" time="5.953">
    <system-out><![CDATA[2026-08-19 15:52:47 INFO  [main] TestListener - Test passed: verifyDynamicAddButtonSelectorAndToastLifecycle
2026-08-19 15:53:01 INFO  [main] WebDriverManager - Using chromedriver 151.0.7922.138 (resolved driver for Chrome 151)
2026-08-19 15:53:01 INFO  [main] WebDriverManager - Exporting webdriver.chrome.driver as /Users/Ainul/kazimdshimulbillah/.cache/selenium/chromedriver/mac-arm64/151.0.7922.138/chromedriver
2026-08-19 15:53:16 INFO  [main] TestListener - Starting test: verifyDynamicProductAddToCartAndQuantityState
]]></system-out>
    <system-err><![CDATA[Aug 19, 2026 3:53:03 PM org.openqa.selenium.devtools.CdpVersionFinder findNearestMatch
WARNING: Unable to find CDP implementation matching 151
Aug 19, 2026 3:53:03 PM org.openqa.selenium.chromium.ChromiumDriver lambda$new$4
WARNING: Unable to find version of CDP to use for 151.0.7922.138. You may need to include a dependency on a specific version of the CDP using something similar to `org.seleniumhq.selenium:selenium-devtools-v86:4.34.0` where the version ("v86") matches the version of the chromium-based browser you're using and the version number of the artifact is the same as Selenium's.
]]></system-err>
  </testcase>
  <testcase name="verifyDynamicCartPagePriceCalculationAndRefreshPersistence" classname="tests.user.AddProductToCartTest" time="26.124">
    <system-out><![CDATA[2026-08-19 15:53:22 INFO  [main] TestListener - Test passed: verifyDynamicProductAddToCartAndQuantityState
2026-08-19 15:53:38 INFO  [main] WebDriverManager - Using chromedriver 151.0.7922.138 (resolved driver for Chrome 151)
2026-08-19 15:53:38 INFO  [main] WebDriverManager - Exporting webdriver.chrome.driver as /Users/Ainul/kazimdshimulbillah/.cache/selenium/chromedriver/mac-arm64/151.0.7922.138/chromedriver
2026-08-19 15:53:54 INFO  [main] TestListener - Starting test: verifyDynamicCartPagePriceCalculationAndRefreshPersistence
]]></system-out>
    <system-err><![CDATA[Aug 19, 2026 3:53:39 PM org.openqa.selenium.devtools.CdpVersionFinder findNearestMatch
WARNING: Unable to find CDP implementation matching 151
Aug 19, 2026 3:53:39 PM org.openqa.selenium.chromium.ChromiumDriver lambda$new$4
WARNING: Unable to find version of CDP to use for 151.0.7922.138. You may need to include a dependency on a specific version of the CDP using something similar to `org.seleniumhq.selenium:selenium-devtools-v86:4.34.0` where the version ("v86") matches the version of the chromium-based browser you're using and the version number of the artifact is the same as Selenium's.
]]></system-err>
  </testcase>
  <testcase name="verifyRapidAddClicksDoNotDuplicateCartItemToastOrRequests" classname="tests.user.AddProductToCartTest" time="3.36">
    <system-out><![CDATA[2026-08-19 15:54:20 INFO  [main] TestListener - Test passed: verifyDynamicCartPagePriceCalculationAndRefreshPersistence
2026-08-19 15:54:23 INFO  [main] WebDriverManager - Using chromedriver 151.0.7922.138 (resolved driver for Chrome 151)
2026-08-19 15:54:23 INFO  [main] WebDriverManager - Exporting webdriver.chrome.driver as /Users/Ainul/kazimdshimulbillah/.cache/selenium/chromedriver/mac-arm64/151.0.7922.138/chromedriver
2026-08-19 15:54:39 INFO  [main] TestListener - Starting test: verifyRapidAddClicksDoNotDuplicateCartItemToastOrRequests
]]></system-out>
    <system-err><![CDATA[Aug 19, 2026 3:54:25 PM org.openqa.selenium.devtools.CdpVersionFinder findNearestMatch
WARNING: Unable to find CDP implementation matching 151
Aug 19, 2026 3:54:25 PM org.openqa.selenium.chromium.ChromiumDriver lambda$new$4
WARNING: Unable to find version of CDP to use for 151.0.7922.138. You may need to include a dependency on a specific version of the CDP using something similar to `org.seleniumhq.selenium:selenium-devtools-v86:4.34.0` where the version ("v86") matches the version of the chromium-based browser you're using and the version number of the artifact is the same as Selenium's.
]]></system-err>
  </testcase>
  <testcase name="verifyQuantitySelectionAndRemoveProduct" classname="tests.user.AddProductToCartTest" time="32.845">
    <system-out><![CDATA[2026-08-19 15:54:42 INFO  [main] TestListener - Test passed: verifyRapidAddClicksDoNotDuplicateCartItemToastOrRequests
2026-08-19 15:55:00 INFO  [main] WebDriverManager - Using chromedriver 151.0.7922.138 (resolved driver for Chrome 151)
2026-08-19 15:55:00 INFO  [main] WebDriverManager - Exporting webdriver.chrome.driver as /Users/Ainul/kazimdshimulbillah/.cache/selenium/chromedriver/mac-arm64/151.0.7922.138/chromedriver
2026-08-19 15:55:14 INFO  [main] TestListener - Starting test: verifyQuantitySelectionAndRemoveProduct
]]></system-out>
    <system-err><![CDATA[Aug 19, 2026 3:55:01 PM org.openqa.selenium.devtools.CdpVersionFinder findNearestMatch
WARNING: Unable to find CDP implementation matching 151
Aug 19, 2026 3:55:01 PM org.openqa.selenium.chromium.ChromiumDriver lambda$new$4
WARNING: Unable to find version of CDP to use for 151.0.7922.138. You may need to include a dependency on a specific version of the CDP using something similar to `org.seleniumhq.selenium:selenium-devtools-v86:4.34.0` where the version ("v86") matches the version of the chromium-based browser you're using and the version number of the artifact is the same as Selenium's.
]]></system-err>
  </testcase>
  <testcase name="verifyCartPersistenceAfterLogoutAndLoginMatchesBusinessRule" classname="tests.user.AddProductToCartTest" time="17.263">
    <system-out><![CDATA[2026-08-19 15:55:47 INFO  [main] TestListener - Test passed: verifyQuantitySelectionAndRemoveProduct
2026-08-19 15:55:50 INFO  [main] WebDriverManager - Using chromedriver 151.0.7922.138 (resolved driver for Chrome 151)
2026-08-19 15:55:50 INFO  [main] WebDriverManager - Exporting webdriver.chrome.driver as /Users/Ainul/kazimdshimulbillah/.cache/selenium/chromedriver/mac-arm64/151.0.7922.138/chromedriver
2026-08-19 15:56:04 INFO  [main] TestListener - Starting test: verifyCartPersistenceAfterLogoutAndLoginMatchesBusinessRule
]]></system-out>
    <system-err><![CDATA[Aug 19, 2026 3:55:51 PM org.openqa.selenium.devtools.CdpVersionFinder findNearestMatch
WARNING: Unable to find CDP implementation matching 151
Aug 19, 2026 3:55:51 PM org.openqa.selenium.chromium.ChromiumDriver lambda$new$4
WARNING: Unable to find version of CDP to use for 151.0.7922.138. You may need to include a dependency on a specific version of the CDP using something similar to `org.seleniumhq.selenium:selenium-devtools-v86:4.34.0` where the version ("v86") matches the version of the chromium-based browser you're using and the version number of the artifact is the same as Selenium's.
]]></system-err>
  </testcase>
  <testcase name="verifyAddProductToCartFromSearchResultAfterLoginAndSearch" classname="tests.user.AddProductToCartTest" time="38.688">
    <system-out><![CDATA[2026-08-19 15:56:21 INFO  [main] TestListener - Test passed: verifyCartPersistenceAfterLogoutAndLoginMatchesBusinessRule
2026-08-19 15:56:27 INFO  [main] WebDriverManager - Using chromedriver 151.0.7922.138 (resolved driver for Chrome 151)
2026-08-19 15:56:27 INFO  [main] WebDriverManager - Exporting webdriver.chrome.driver as /Users/Ainul/kazimdshimulbillah/.cache/selenium/chromedriver/mac-arm64/151.0.7922.138/chromedriver
2026-08-19 15:56:43 INFO  [main] TestListener - Starting test: verifyAddProductToCartFromSearchResultAfterLoginAndSearch
]]></system-out>
    <system-err><![CDATA[Aug 19, 2026 3:56:28 PM org.openqa.selenium.devtools.CdpVersionFinder findNearestMatch
WARNING: Unable to find CDP implementation matching 151
Aug 19, 2026 3:56:28 PM org.openqa.selenium.chromium.ChromiumDriver lambda$new$4
WARNING: Unable to find version of CDP to use for 151.0.7922.138. You may need to include a dependency on a specific version of the CDP using something similar to `org.seleniumhq.selenium:selenium-devtools-v86:4.34.0` where the version ("v86") matches the version of the chromium-based browser you're using and the version number of the artifact is the same as Selenium's.
]]></system-err>
  </testcase>
  <testcase name="verifyShippingAddressRegressionInsideCartDrawer" classname="tests.user.OrderTest" time="25.784">
    <system-out><![CDATA[2026-08-19 15:57:22 INFO  [main] TestListener - Test passed: verifyAddProductToCartFromSearchResultAfterLoginAndSearch
2026-08-19 15:57:26 INFO  [main] WebDriverManager - Using chromedriver 151.0.7922.138 (resolved driver for Chrome 151)
2026-08-19 15:57:26 INFO  [main] WebDriverManager - Exporting webdriver.chrome.driver as /Users/Ainul/kazimdshimulbillah/.cache/selenium/chromedriver/mac-arm64/151.0.7922.138/chromedriver
2026-08-19 15:57:47 INFO  [main] TestListener - Starting test: verifyShippingAddressRegressionInsideCartDrawer
]]></system-out>
    <system-err><![CDATA[Aug 19, 2026 3:57:27 PM org.openqa.selenium.devtools.CdpVersionFinder findNearestMatch
WARNING: Unable to find CDP implementation matching 151
Aug 19, 2026 3:57:27 PM org.openqa.selenium.chromium.ChromiumDriver lambda$new$4
WARNING: Unable to find version of CDP to use for 151.0.7922.138. You may need to include a dependency on a specific version of the CDP using something similar to `org.seleniumhq.selenium:selenium-devtools-v86:4.34.0` where the version ("v86") matches the version of the chromium-based browser you're using and the version number of the artifact is the same as Selenium's.
]]></system-err>
  </testcase>
  <testcase name="verifyCodPlaceOrderConfirmationPaymentAndTrackOrderRegression" classname="tests.user.OrderTest" time="135.096">
    <system-out><![CDATA[2026-08-19 15:58:12 INFO  [main] TestListener - Test passed: verifyShippingAddressRegressionInsideCartDrawer
2026-08-19 15:58:17 INFO  [main] WebDriverManager - Using chromedriver 151.0.7922.138 (resolved driver for Chrome 151)
2026-08-19 15:58:17 INFO  [main] WebDriverManager - Exporting webdriver.chrome.driver as /Users/Ainul/kazimdshimulbillah/.cache/selenium/chromedriver/mac-arm64/151.0.7922.138/chromedriver
2026-08-19 15:58:53 INFO  [main] TestListener - Starting test: verifyCodPlaceOrderConfirmationPaymentAndTrackOrderRegression
]]></system-out>
    <system-err><![CDATA[Aug 19, 2026 3:58:18 PM org.openqa.selenium.devtools.CdpVersionFinder findNearestMatch
WARNING: Unable to find CDP implementation matching 151
Aug 19, 2026 3:58:18 PM org.openqa.selenium.chromium.ChromiumDriver lambda$new$4
WARNING: Unable to find version of CDP to use for 151.0.7922.138. You may need to include a dependency on a specific version of the CDP using something similar to `org.seleniumhq.selenium:selenium-devtools-v86:4.34.0` where the version ("v86") matches the version of the chromium-based browser you're using and the version number of the artifact is the same as Selenium's.
]]></system-err>
  </testcase>
  <testcase name="verifyAdminCanLoginSearchAndConfirmGeneratedOrder" classname="tests.admin.AdminOrderConfirmationTest" time="6.532">
    <system-out><![CDATA[2026-08-19 16:01:08 INFO  [main] TestListener - Test passed: verifyCodPlaceOrderConfirmationPaymentAndTrackOrderRegression
2026-08-19 16:01:10 INFO  [main] WebDriverManager - Using chromedriver 151.0.7922.138 (resolved driver for Chrome 151)
2026-08-19 16:01:10 INFO  [main] WebDriverManager - Exporting webdriver.chrome.driver as /Users/Ainul/kazimdshimulbillah/.cache/selenium/chromedriver/mac-arm64/151.0.7922.138/chromedriver
2026-08-19 16:01:12 INFO  [main] TestListener - Starting test: verifyAdminCanLoginSearchAndConfirmGeneratedOrder
2026-08-19 16:01:12 INFO  [main] AdminOrderConfirmationTest - Opening Admin login page for generated order 5436517
2026-08-19 16:01:15 INFO  [main] AdminOrderConfirmationTest - Searching generated order 5436517 in Admin Orders page
]]></system-out>
    <system-err><![CDATA[Aug 19, 2026 4:01:12 PM org.openqa.selenium.devtools.CdpVersionFinder findNearestMatch
WARNING: Unable to find CDP implementation matching 151
Aug 19, 2026 4:01:12 PM org.openqa.selenium.chromium.ChromiumDriver lambda$new$4
WARNING: Unable to find version of CDP to use for 151.0.7922.138. You may need to include a dependency on a specific version of the CDP using something similar to `org.seleniumhq.selenium:selenium-devtools-v86:4.34.0` where the version ("v86") matches the version of the chromium-based browser you're using and the version number of the artifact is the same as Selenium's.
]]></system-err>
  </testcase>
  <testcase name="verifyNoUnexpectedUiChangesAfterDeployment" classname="tests.user.VisualRegressionTest" time="0.608">
    <system-out><![CDATA[2026-08-19 16:01:19 INFO  [main] TestListener - Test passed: verifyAdminCanLoginSearchAndConfirmGeneratedOrder
2026-08-19 16:01:19 INFO  [main] WebDriverManager - Using chromedriver 151.0.7922.138 (resolved driver for Chrome 151)
2026-08-19 16:01:19 INFO  [main] WebDriverManager - Exporting webdriver.chrome.driver as /Users/Ainul/kazimdshimulbillah/.cache/selenium/chromedriver/mac-arm64/151.0.7922.138/chromedriver
2026-08-19 16:01:20 INFO  [main] TestListener - Starting test: verifyNoUnexpectedUiChangesAfterDeployment
]]></system-out>
    <system-err><![CDATA[Aug 19, 2026 4:01:20 PM org.openqa.selenium.devtools.CdpVersionFinder findNearestMatch
WARNING: Unable to find CDP implementation matching 151
Aug 19, 2026 4:01:20 PM org.openqa.selenium.chromium.ChromiumDriver lambda$new$4
WARNING: Unable to find version of CDP to use for 151.0.7922.138. You may need to include a dependency on a specific version of the CDP using something similar to `org.seleniumhq.selenium:selenium-devtools-v86:4.34.0` where the version ("v86") matches the version of the chromium-based browser you're using and the version number of the artifact is the same as Selenium's.
]]></system-err>
  </testcase>
  <testcase name="verifyShipmentProcessingForConfirmedGeneratedOrder" classname="tests.admin.ShipmentProcessingTest" time="149.292">
    <system-out><![CDATA[2026-08-19 16:01:21 INFO  [main] TestListener - Test passed: verifyNoUnexpectedUiChangesAfterDeployment
2026-08-19 16:01:21 INFO  [main] WebDriverManager - Using chromedriver 151.0.7922.138 (resolved driver for Chrome 151)
2026-08-19 16:01:21 INFO  [main] WebDriverManager - Exporting webdriver.chrome.driver as /Users/Ainul/kazimdshimulbillah/.cache/selenium/chromedriver/mac-arm64/151.0.7922.138/chromedriver
2026-08-19 16:01:23 INFO  [main] TestListener - Starting test: verifyShipmentProcessingForConfirmedGeneratedOrder
2026-08-19 16:01:23 INFO  [main] ShipmentProcessingTest - Opening Admin dashboard to process shipment for confirmed order 5436517
2026-08-19 16:01:26 INFO  [main] ShipmentProcessingTest - Executing createShipment cron from SA Settings
2026-08-19 16:03:09 INFO  [main] ShipmentProcessingTest - Searching confirmed order 5436517 and loading shipment information
2026-08-19 16:03:51 INFO  [main] ShipmentProcessingTest - Opening shipment details for shipment 5436517A
2026-08-19 16:03:52 INFO  [main] ShipmentProcessingTest - Verifying shipment tracking timeline for shipment 5436517A
]]></system-out>
    <system-err><![CDATA[Aug 19, 2026 4:01:22 PM org.openqa.selenium.devtools.CdpVersionFinder findNearestMatch
WARNING: Unable to find CDP implementation matching 151
Aug 19, 2026 4:01:22 PM org.openqa.selenium.chromium.ChromiumDriver lambda$new$4
WARNING: Unable to find version of CDP to use for 151.0.7922.138. You may need to include a dependency on a specific version of the CDP using something similar to `org.seleniumhq.selenium:selenium-devtools-v86:4.34.0` where the version ("v86") matches the version of the chromium-based browser you're using and the version number of the artifact is the same as Selenium's.
]]></system-err>
  </testcase>
</testsuite>